This is pdfTeX, Version 3.141592653-2.6-1.40.28 (TeX Live 2025) (preloaded format=pdflatex 2025.7.4)  7 AUG 2025 12:33
entering extended mode
 restricted \write18 enabled.
 %&-line parsing enabled.
**output.tex
(./output.tex
LaTeX2e <2025-06-01> patch level 1
L3 programming layer <2025-06-09>
(c:/Users/keyserf/AppData/Roaming/TinyTeX/texmf-dist/tex/latex/base/article.cls
Document Class: article 2025/01/22 v1.4n Standard LaTeX document class
(c:/Users/keyserf/AppData/Roaming/TinyTeX/texmf-dist/tex/latex/base/size10.clo
File: size10.clo 2025/01/22 v1.4n Standard LaTeX file (size option)
)
\c@part=\count275
\c@section=\count276
\c@subsection=\count277
\c@subsubsection=\count278
\c@paragraph=\count279
\c@subparagraph=\count280
\c@figure=\count281
\c@table=\count282
\abovecaptionskip=\skip49
\belowcaptionskip=\skip50
\bibindent=\dimen148
) (c:/Users/keyserf/AppData/Roaming/TinyTeX/texmf-dist/tex/latex/amsmath/amsmath.sty
Package: amsmath 2025/06/16 v2.17y AMS math features
\@mathmargin=\skip51
For additional information on amsmath, use the `?' option.
(c:/Users/keyserf/AppData/Roaming/TinyTeX/texmf-dist/tex/latex/amsmath/amstext.sty
Package: amstext 2024/11/17 v2.01 AMS text
(c:/Users/keyserf/AppData/Roaming/TinyTeX/texmf-dist/tex/latex/amsmath/amsgen.sty
File: amsgen.sty 1999/11/30 v2.0 generic functions
\@emptytoks=\toks17
\ex@=\dimen149
)) (c:/Users/keyserf/AppData/Roaming/TinyTeX/texmf-dist/tex/latex/amsmath/amsbsy.sty
Package: amsbsy 1999/11/29 v1.2d Bold Symbols
\pmbraise@=\dimen150
) (c:/Users/keyserf/AppData/Roaming/TinyTeX/texmf-dist/tex/latex/amsmath/amsopn.sty
Package: amsopn 2022/04/08 v2.04 operator names
)
\inf@bad=\count283
LaTeX Info: Redefining \frac on input line 233.
\uproot@=\count284
\leftroot@=\count285
LaTeX Info: Redefining \overline on input line 398.
LaTeX Info: Redefining \colon on input line 409.
\classnum@=\count286
\DOTSCASE@=\count287
LaTeX Info: Redefining \ldots on input line 495.
LaTeX Info: Redefining \dots on input line 498.
LaTeX Info: Redefining \cdots on input line 619.
\Mathstrutbox@=\box53
\strutbox@=\box54
LaTeX Info: Redefining \big on input line 721.
LaTeX Info: Redefining \Big on input line 722.
LaTeX Info: Redefining \bigg on input line 723.
LaTeX Info: Redefining \Bigg on input line 724.
\big@size=\dimen151
LaTeX Font Info:    Redeclaring font encoding OML on input line 742.
LaTeX Font Info:    Redeclaring font encoding OMS on input line 743.
\macc@depth=\count288
LaTeX Info: Redefining \bmod on input line 904.
LaTeX Info: Redefining \pmod on input line 909.
LaTeX Info: Redefining \smash on input line 939.
LaTeX Info: Redefining \relbar on input line 969.
LaTeX Info: Redefining \Relbar on input line 970.
\c@MaxMatrixCols=\count289
\dotsspace@=\muskip17
\c@parentequation=\count290
\dspbrk@lvl=\count291
\tag@help=\toks18
\row@=\count292
\column@=\count293
\maxfields@=\count294
\andhelp@=\toks19
\eqnshift@=\dimen152
\alignsep@=\dimen153
\tagshift@=\dimen154
\tagwidth@=\dimen155
\totwidth@=\dimen156
\lineht@=\dimen157
\@envbody=\toks20
\multlinegap=\skip52
\multlinetaggap=\skip53
\mathdisplay@stack=\toks21
LaTeX Info: Redefining \[ on input line 2949.
LaTeX Info: Redefining \] on input line 2950.
) (c:/Users/keyserf/AppData/Roaming/TinyTeX/texmf-dist/tex/latex/amsfonts/amssymb.sty
Package: amssymb 2013/01/14 v3.01 AMS font symbols
(c:/Users/keyserf/AppData/Roaming/TinyTeX/texmf-dist/tex/latex/amsfonts/amsfonts.sty
Package: amsfonts 2013/01/14 v3.01 Basic AMSFonts support
\symAMSa=\mathgroup4
\symAMSb=\mathgroup5
LaTeX Font Info:    Redeclaring math symbol \hbar on input line 98.
LaTeX Font Info:    Overwriting math alphabet `\mathfrak' in version `bold'
(Font)                  U/euf/m/n --> U/euf/b/n on input line 106.
)) (c:/Users/keyserf/AppData/Roaming/TinyTeX/texmf-dist/tex/generic/iftex/iftex.sty
Package: iftex 2024/12/12 v1.0g TeX engine tests
) (c:/Users/keyserf/AppData/Roaming/TinyTeX/texmf-dist/tex/latex/base/fontenc.sty
Package: fontenc 2024/12/21 v2.1c Standard LaTeX package
) (c:/Users/keyserf/AppData/Roaming/TinyTeX/texmf-dist/tex/latex/base/inputenc.sty
Package: inputenc 2024/02/08 v1.3d Input encoding file
\inpenc@prehook=\toks22
\inpenc@posthook=\toks23
) (c:/Users/keyserf/AppData/Roaming/TinyTeX/texmf-dist/tex/latex/base/textcomp.sty
Package: textcomp 2024/04/24 v2.1b Standard LaTeX package
) (c:/Users/keyserf/AppData/Roaming/TinyTeX/texmf-dist/tex/latex/lm/lmodern.sty
Package: lmodern 2015/05/01 v1.6.1 Latin Modern Fonts
LaTeX Font Info:    Overwriting symbol font `operators' in version `normal'
(Font)                  OT1/cmr/m/n --> OT1/lmr/m/n on input line 22.
LaTeX Font Info:    Overwriting symbol font `letters' in version `normal'
(Font)                  OML/cmm/m/it --> OML/lmm/m/it on input line 23.
LaTeX Font Info:    Overwriting symbol font `symbols' in version `normal'
(Font)                  OMS/cmsy/m/n --> OMS/lmsy/m/n on input line 24.
LaTeX Font Info:    Overwriting symbol font `largesymbols' in version `normal'
(Font)                  OMX/cmex/m/n --> OMX/lmex/m/n on input line 25.
LaTeX Font Info:    Overwriting symbol font `operators' in version `bold'
(Font)                  OT1/cmr/bx/n --> OT1/lmr/bx/n on input line 26.
LaTeX Font Info:    Overwriting symbol font `letters' in version `bold'
(Font)                  OML/cmm/b/it --> OML/lmm/b/it on input line 27.
LaTeX Font Info:    Overwriting symbol font `symbols' in version `bold'
(Font)                  OMS/cmsy/b/n --> OMS/lmsy/b/n on input line 28.
LaTeX Font Info:    Overwriting symbol font `largesymbols' in version `bold'
(Font)                  OMX/cmex/m/n --> OMX/lmex/m/n on input line 29.
LaTeX Font Info:    Overwriting math alphabet `\mathbf' in version `normal'
(Font)                  OT1/cmr/bx/n --> OT1/lmr/bx/n on input line 31.
LaTeX Font Info:    Overwriting math alphabet `\mathsf' in version `normal'
(Font)                  OT1/cmss/m/n --> OT1/lmss/m/n on input line 32.
LaTeX Font Info:    Overwriting math alphabet `\mathit' in version `normal'
(Font)                  OT1/cmr/m/it --> OT1/lmr/m/it on input line 33.
LaTeX Font Info:    Overwriting math alphabet `\mathtt' in version `normal'
(Font)                  OT1/cmtt/m/n --> OT1/lmtt/m/n on input line 34.
LaTeX Font Info:    Overwriting math alphabet `\mathbf' in version `bold'
(Font)                  OT1/cmr/bx/n --> OT1/lmr/bx/n on input line 35.
LaTeX Font Info:    Overwriting math alphabet `\mathsf' in version `bold'
(Font)                  OT1/cmss/bx/n --> OT1/lmss/bx/n on input line 36.
LaTeX Font Info:    Overwriting math alphabet `\mathit' in version `bold'
(Font)                  OT1/cmr/bx/it --> OT1/lmr/bx/it on input line 37.
LaTeX Font Info:    Overwriting math alphabet `\mathtt' in version `bold'
(Font)                  OT1/cmtt/m/n --> OT1/lmtt/m/n on input line 38.
) (c:/Users/keyserf/AppData/Roaming/TinyTeX/texmf-dist/tex/latex/microtype/microtype.sty
Package: microtype 2025/02/11 v3.2a Micro-typographical refinements (RS)
(c:/Users/keyserf/AppData/Roaming/TinyTeX/texmf-dist/tex/latex/graphics/keyval.sty
Package: keyval 2022/05/29 v1.15 key=value parser (DPC)
\KV@toks@=\toks24
) (c:/Users/keyserf/AppData/Roaming/TinyTeX/texmf-dist/tex/latex/etoolbox/etoolbox.sty
Package: etoolbox 2025/02/11 v2.5l e-TeX tools for LaTeX (JAW)
\etb@tempcnta=\count295
)
\MT@toks=\toks25
\MT@tempbox=\box55
\MT@count=\count296
LaTeX Info: Redefining \noprotrusionifhmode on input line 1087.
LaTeX Info: Redefining \leftprotrusion on input line 1088.
\MT@prot@toks=\toks26
LaTeX Info: Redefining \rightprotrusion on input line 1107.
LaTeX Info: Redefining \textls on input line 1449.
\MT@outer@kern=\dimen158
LaTeX Info: Redefining \microtypecontext on input line 2053.
LaTeX Info: Redefining \textmicrotypecontext on input line 2070.
\MT@listname@count=\count297
(c:/Users/keyserf/AppData/Roaming/TinyTeX/texmf-dist/tex/latex/microtype/microtype-pdftex.def
File: microtype-pdftex.def 2025/02/11 v3.2a Definitions specific to pdftex (RS)
LaTeX Info: Redefining \lsstyle on input line 944.
LaTeX Info: Redefining \lslig on input line 944.
\MT@outer@space=\skip54
)
Package microtype Info: Loading configuration file microtype.cfg.
(c:/Users/keyserf/AppData/Roaming/TinyTeX/texmf-dist/tex/latex/microtype/microtype.cfg
File: microtype.cfg 2025/02/11 v3.2a microtype main configuration file (RS)
)
LaTeX Info: Redefining \microtypesetup on input line 3065.
) (c:/Users/keyserf/AppData/Roaming/TinyTeX/texmf-dist/tex/latex/parskip/parskip.sty
Package: parskip 2021-03-14 v2.0h non-zero parskip adjustments
(c:/Users/keyserf/AppData/Roaming/TinyTeX/texmf-dist/tex/latex/kvoptions/kvoptions.sty
Package: kvoptions 2022-06-15 v3.15 Key value format for package options (HO)
(c:/Users/keyserf/AppData/Roaming/TinyTeX/texmf-dist/tex/generic/ltxcmds/ltxcmds.sty
Package: ltxcmds 2023-12-04 v1.26 LaTeX kernel commands for general use (HO)
) (c:/Users/keyserf/AppData/Roaming/TinyTeX/texmf-dist/tex/latex/kvsetkeys/kvsetkeys.sty
Package: kvsetkeys 2022-10-05 v1.19 Key value parser (HO)
))) (c:/Users/keyserf/AppData/Roaming/TinyTeX/texmf-dist/tex/latex/xcolor/xcolor.sty
Package: xcolor 2024/09/29 v3.02 LaTeX color extensions (UK)
(c:/Users/keyserf/AppData/Roaming/TinyTeX/texmf-dist/tex/latex/graphics-cfg/color.cfg
File: color.cfg 2016/01/02 v1.6 sample color configuration
)
Package xcolor Info: Driver file: pdftex.def on input line 274.
(c:/Users/keyserf/AppData/Roaming/TinyTeX/texmf-dist/tex/latex/graphics-def/pdftex.def
File: pdftex.def 2024/04/13 v1.2c Graphics/color driver for pdftex
) (c:/Users/keyserf/AppData/Roaming/TinyTeX/texmf-dist/tex/latex/graphics/mathcolor.ltx)
Package xcolor Info: Model `cmy' substituted by `cmy0' on input line 1349.
Package xcolor Info: Model `hsb' substituted by `rgb' on input line 1353.
Package xcolor Info: Model `RGB' extended on input line 1365.
Package xcolor Info: Model `HTML' substituted by `rgb' on input line 1367.
Package xcolor Info: Model `Hsb' substituted by `hsb' on input line 1368.
Package xcolor Info: Model `tHsb' substituted by `hsb' on input line 1369.
Package xcolor Info: Model `HSB' substituted by `hsb' on input line 1370.
Package xcolor Info: Model `Gray' substituted by `gray' on input line 1371.
Package xcolor Info: Model `wave' substituted by `hsb' on input line 1372.
) (c:/Users/keyserf/AppData/Roaming/TinyTeX/texmf-dist/tex/latex/graphics/dvipsnam.def
File: dvipsnam.def 2016/06/17 v3.0m Driver-dependent file (DPC,SPQR)
) (c:/Users/keyserf/AppData/Roaming/TinyTeX/texmf-dist/tex/latex/xcolor/svgnam.def
File: svgnam.def 2024/09/29 v3.02 Predefined colors according to SVG 1.1 (UK)
) (c:/Users/keyserf/AppData/Roaming/TinyTeX/texmf-dist/tex/latex/xcolor/x11nam.def
File: x11nam.def 2024/09/29 v3.02 Predefined colors according to Unix/X11 (UK)
) (c:/Users/keyserf/AppData/Roaming/TinyTeX/texmf-dist/tex/latex/geometry/geometry.sty
Package: geometry 2020/01/02 v5.9 Page Geometry
(c:/Users/keyserf/AppData/Roaming/TinyTeX/texmf-dist/tex/generic/iftex/ifvtex.sty
Package: ifvtex 2019/10/25 v1.7 ifvtex legacy package. Use iftex instead.
)
\Gm@cnth=\count298
\Gm@cntv=\count299
\c@Gm@tempcnt=\count300
\Gm@bindingoffset=\dimen159
\Gm@wd@mp=\dimen160
\Gm@odd@mp=\dimen161
\Gm@even@mp=\dimen162
\Gm@layoutwidth=\dimen163
\Gm@layoutheight=\dimen164
\Gm@layouthoffset=\dimen165
\Gm@layoutvoffset=\dimen166
\Gm@dimlist=\toks27
) (c:/Users/keyserf/AppData/Roaming/TinyTeX/texmf-dist/tex/latex/tools/longtable.sty
Package: longtable 2024-12-18 v4.23 Multi-page Table package (DPC)
\LTleft=\skip55
\LTright=\skip56
\LTpre=\skip57
\LTpost=\skip58
\LTchunksize=\count301
\LTcapwidth=\dimen167
\LT@head=\box56
\LT@firsthead=\box57
\LT@foot=\box58
\LT@lastfoot=\box59
\LT@gbox=\box60
\LT@cols=\count302
\LT@rows=\count303
\c@LT@tables=\count304
\c@LT@chunks=\count305
\LT@p@ftn=\toks28
) (c:/Users/keyserf/AppData/Roaming/TinyTeX/texmf-dist/tex/latex/booktabs/booktabs.sty
Package: booktabs 2020/01/12 v1.61803398 Publication quality tables
\heavyrulewidth=\dimen168
\lightrulewidth=\dimen169
\cmidrulewidth=\dimen170
\belowrulesep=\dimen171
\belowbottomsep=\dimen172
\aboverulesep=\dimen173
\abovetopsep=\dimen174
\cmidrulesep=\dimen175
\cmidrulekern=\dimen176
\defaultaddspace=\dimen177
\@cmidla=\count306
\@cmidlb=\count307
\@aboverulesep=\dimen178
\@belowrulesep=\dimen179
\@thisruleclass=\count308
\@lastruleclass=\count309
\@thisrulewidth=\dimen180
) (c:/Users/keyserf/AppData/Roaming/TinyTeX/texmf-dist/tex/latex/tools/array.sty
Package: array 2025/06/08 v2.6j Tabular extension package (FMi)
\col@sep=\dimen181
\ar@mcellbox=\box61
\extrarowheight=\dimen182
\NC@list=\toks29
\extratabsurround=\skip59
\backup@length=\skip60
\ar@cellbox=\box62
) (c:/Users/keyserf/AppData/Roaming/TinyTeX/texmf-dist/tex/latex/tools/calc.sty
Package: calc 2025/03/01 v4.3b Infix arithmetic (KKT,FJ)
\calc@Acount=\count310
\calc@Bcount=\count311
\calc@Adimen=\dimen183
\calc@Bdimen=\dimen184
\calc@Askip=\skip61
\calc@Bskip=\skip62
LaTeX Info: Redefining \setlength on input line 86.
LaTeX Info: Redefining \addtolength on input line 87.
\calc@Ccount=\count312
\calc@Cskip=\skip63
) (c:/Users/keyserf/AppData/Roaming/TinyTeX/texmf-dist/tex/latex/mdwtools/footnote.sty
Package: footnote 1997/01/28 1.13 Save footnotes around boxes
\fn@notes=\box63
\fn@width=\dimen185
) (c:/Users/keyserf/AppData/Roaming/TinyTeX/texmf-dist/tex/latex/graphics/graphicx.sty
Package: graphicx 2024/12/31 v1.2e Enhanced LaTeX Graphics (DPC,SPQR)
(c:/Users/keyserf/AppData/Roaming/TinyTeX/texmf-dist/tex/latex/graphics/graphics.sty
Package: graphics 2024/08/06 v1.4g Standard LaTeX Graphics (DPC,SPQR)
(c:/Users/keyserf/AppData/Roaming/TinyTeX/texmf-dist/tex/latex/graphics/trig.sty
Package: trig 2023/12/02 v1.11 sin cos tan (DPC)
) (c:/Users/keyserf/AppData/Roaming/TinyTeX/texmf-dist/tex/latex/graphics-cfg/graphics.cfg
File: graphics.cfg 2016/06/04 v1.11 sample graphics configuration
)
Package graphics Info: Driver file: pdftex.def on input line 106.
)
\Gin@req@height=\dimen186
\Gin@req@width=\dimen187
) (c:/Users/keyserf/AppData/Roaming/TinyTeX/texmf-dist/tex/latex/float/float.sty
Package: float 2001/11/08 v1.3d Float enhancements (AL)
\c@float@type=\count313
\float@exts=\toks30
\float@box=\box64
\@float@everytoks=\toks31
\@floatcapt=\box65
) (c:/Users/keyserf/AppData/Roaming/TinyTeX/texmf-dist/tex/latex/fancyhdr/fancyhdr.sty
Package: fancyhdr 2025/02/07 v5.2 Extensive control of page headers and footers
\f@nch@headwidth=\skip64
\f@nch@offset@elh=\skip65
\f@nch@offset@erh=\skip66
\f@nch@offset@olh=\skip67
\f@nch@offset@orh=\skip68
\f@nch@offset@elf=\skip69
\f@nch@offset@erf=\skip70
\f@nch@offset@olf=\skip71
\f@nch@offset@orf=\skip72
\f@nch@height=\skip73
\f@nch@footalignment=\skip74
\f@nch@widthL=\skip75
\f@nch@widthC=\skip76
\f@nch@widthR=\skip77
\@temptokenb=\toks32
)

Package fancyhdr Warning: \fancyfoot's `E' option without twoside option is useless.
(fancyhdr)                Please consider using the `twoside' option on input line 71.


Package fancyhdr Warning: \fancyfoot's `E' option without twoside option is useless.
(fancyhdr)                Please consider using the `twoside' option on input line 72.

(c:/Users/keyserf/AppData/Roaming/TinyTeX/texmf-dist/tex/latex/bookmark/bookmark.sty
Package: bookmark 2023-12-10 v1.31 PDF bookmarks (HO)
(c:/Users/keyserf/AppData/Roaming/TinyTeX/texmf-dist/tex/latex/hyperref/hyperref.sty
Package: hyperref 2025-06-21 v7.01n Hypertext links for LaTeX
(c:/Users/keyserf/AppData/Roaming/TinyTeX/texmf-dist/tex/generic/kvdefinekeys/kvdefinekeys.sty
Package: kvdefinekeys 2019-12-19 v1.6 Define keys (HO)
) (c:/Users/keyserf/AppData/Roaming/TinyTeX/texmf-dist/tex/generic/pdfescape/pdfescape.sty
Package: pdfescape 2019/12/09 v1.15 Implements pdfTeX's escape features (HO)
(c:/Users/keyserf/AppData/Roaming/TinyTeX/texmf-dist/tex/generic/pdftexcmds/pdftexcmds.sty
Package: pdftexcmds 2020-06-27 v0.33 Utility functions of pdfTeX for LuaTeX (HO)
(c:/Users/keyserf/AppData/Roaming/TinyTeX/texmf-dist/tex/generic/infwarerr/infwarerr.sty
Package: infwarerr 2019/12/03 v1.5 Providing info/warning/error messages (HO)
)
Package pdftexcmds Info: \pdf@primitive is available.
Package pdftexcmds Info: \pdf@ifprimitive is available.
Package pdftexcmds Info: \pdfdraftmode found.
)) (c:/Users/keyserf/AppData/Roaming/TinyTeX/texmf-dist/tex/latex/hycolor/hycolor.sty
Package: hycolor 2020-01-27 v1.10 Color options for hyperref/bookmark (HO)
) (c:/Users/keyserf/AppData/Roaming/TinyTeX/texmf-dist/tex/latex/hyperref/nameref.sty
Package: nameref 2025-06-21 v2.57 Cross-referencing by name of section
(c:/Users/keyserf/AppData/Roaming/TinyTeX/texmf-dist/tex/latex/refcount/refcount.sty
Package: refcount 2019/12/15 v3.6 Data extraction from label references (HO)
) (c:/Users/keyserf/AppData/Roaming/TinyTeX/texmf-dist/tex/generic/gettitlestring/gettitlestring.sty
Package: gettitlestring 2019/12/15 v1.6 Cleanup title references (HO)
)
\c@section@level=\count314
) (c:/Users/keyserf/AppData/Roaming/TinyTeX/texmf-dist/tex/generic/stringenc/stringenc.sty
Package: stringenc 2019/11/29 v1.12 Convert strings between diff. encodings (HO)
)
\@linkdim=\dimen188
\Hy@linkcounter=\count315
\Hy@pagecounter=\count316
(c:/Users/keyserf/AppData/Roaming/TinyTeX/texmf-dist/tex/latex/hyperref/pd1enc.def
File: pd1enc.def 2025-06-21 v7.01n Hyperref: PDFDocEncoding definition (HO)
Now handling font encoding PD1 ...
... no UTF-8 mapping file for font encoding PD1
) (c:/Users/keyserf/AppData/Roaming/TinyTeX/texmf-dist/tex/generic/intcalc/intcalc.sty
Package: intcalc 2019/12/15 v1.3 Expandable calculations with integers (HO)
)
\Hy@SavedSpaceFactor=\count317
(c:/Users/keyserf/AppData/Roaming/TinyTeX/texmf-dist/tex/latex/hyperref/puenc.def
File: puenc.def 2025-06-21 v7.01n Hyperref: PDF Unicode definition (HO)
Now handling font encoding PU ...
... no UTF-8 mapping file for font encoding PU
)
Package hyperref Info: Option `unicode' set `true' on input line 4052.
Package hyperref Info: Hyper figures OFF on input line 4181.
Package hyperref Info: Link nesting OFF on input line 4186.
Package hyperref Info: Hyper index ON on input line 4189.
Package hyperref Info: Plain pages OFF on input line 4196.
Package hyperref Info: Backreferencing OFF on input line 4201.
Package hyperref Info: Implicit mode ON; LaTeX internals redefined.
Package hyperref Info: Bookmarks ON on input line 4448.
\c@Hy@tempcnt=\count318
(c:/Users/keyserf/AppData/Roaming/TinyTeX/texmf-dist/tex/latex/url/url.sty
\Urlmuskip=\muskip18
Package: url 2013/09/16  ver 3.4  Verb mode for urls, etc.
)
LaTeX Info: Redefining \url on input line 4787.
\XeTeXLinkMargin=\dimen189
(c:/Users/keyserf/AppData/Roaming/TinyTeX/texmf-dist/tex/generic/bitset/bitset.sty
Package: bitset 2019/12/09 v1.3 Handle bit-vector datatype (HO)
(c:/Users/keyserf/AppData/Roaming/TinyTeX/texmf-dist/tex/generic/bigintcalc/bigintcalc.sty
Package: bigintcalc 2019/12/15 v1.5 Expandable calculations on big integers (HO)
))
\Fld@menulength=\count319
\Field@Width=\dimen190
\Fld@charsize=\dimen191
Package hyperref Info: Hyper figures OFF on input line 6066.
Package hyperref Info: Link nesting OFF on input line 6071.
Package hyperref Info: Hyper index ON on input line 6074.
Package hyperref Info: backreferencing OFF on input line 6081.
Package hyperref Info: Link coloring OFF on input line 6086.
Package hyperref Info: Link coloring with OCG OFF on input line 6091.
Package hyperref Info: PDF/A mode OFF on input line 6096.
\Hy@abspage=\count320
\c@Item=\count321
\c@Hfootnote=\count322
)
Package hyperref Info: Driver (autodetected): hpdftex.
(c:/Users/keyserf/AppData/Roaming/TinyTeX/texmf-dist/tex/latex/hyperref/hpdftex.def
File: hpdftex.def 2025-06-21 v7.01n Hyperref driver for pdfTeX
\Fld@listcount=\count323
\c@bookmark@seq@number=\count324
(c:/Users/keyserf/AppData/Roaming/TinyTeX/texmf-dist/tex/latex/rerunfilecheck/rerunfilecheck.sty
Package: rerunfilecheck 2025-06-21 v1.11 Rerun checks for auxiliary files (HO)
(c:/Users/keyserf/AppData/Roaming/TinyTeX/texmf-dist/tex/generic/uniquecounter/uniquecounter.sty
Package: uniquecounter 2019/12/15 v1.4 Provide unlimited unique counter (HO)
)
Package uniquecounter Info: New unique counter `rerunfilecheck' on input line 284.
)
\Hy@SectionHShift=\skip78
) (c:/Users/keyserf/AppData/Roaming/TinyTeX/texmf-dist/tex/latex/bookmark/bkm-pdftex.def
File: bkm-pdftex.def 2023-12-10 v1.31 bookmark driver for pdfTeX and luaTeX (HO)
\BKM@id=\count325
))
Package hyperref Info: Option `colorlinks' set `true' on input line 88.
LaTeX Font Info:    Trying to load font information for T1+lmr on input line 101.
(c:/Users/keyserf/AppData/Roaming/TinyTeX/texmf-dist/tex/latex/lm/t1lmr.fd
File: t1lmr.fd 2015/05/01 v1.6.1 Font defs for Latin Modern
) (c:/Users/keyserf/AppData/Roaming/TinyTeX/texmf-dist/tex/latex/l3backend/l3backend-pdftex.def
File: l3backend-pdftex.def 2025-06-09 L3 backend support: PDF output (pdfTeX)
\l__color_backend_stack_int=\count326
) (./output.aux

LaTeX Warning: Label `fig:unnamed-chunk-2' multiply defined.


LaTeX Warning: Label `tab:unnamed-chunk-4' multiply defined.


LaTeX Warning: Label `tab:unnamed-chunk-5' multiply defined.


LaTeX Warning: Label `fig:unnamed-chunk-6' multiply defined.


LaTeX Warning: Label `fig:unnamed-chunk-7' multiply defined.


LaTeX Warning: Label `fig:unnamed-chunk-8' multiply defined.


LaTeX Warning: Label `fig:unnamed-chunk-9' multiply defined.


LaTeX Warning: Label `tab:unnamed-chunk-10' multiply defined.


LaTeX Warning: Label `fig:unnamed-chunk-11' multiply defined.


LaTeX Warning: Label `tab:unnamed-chunk-13' multiply defined.


LaTeX Warning: Label `fig:unnamed-chunk-14' multiply defined.


LaTeX Warning: Label `fig:unnamed-chunk-15' multiply defined.


LaTeX Warning: Label `fig:unnamed-chunk-16' multiply defined.


LaTeX Warning: Label `tab:unnamed-chunk-17' multiply defined.


LaTeX Warning: Label `fig:unnamed-chunk-18' multiply defined.


LaTeX Warning: Label `fig:unnamed-chunk-19' multiply defined.


LaTeX Warning: Label `fig:unnamed-chunk-20' multiply defined.


LaTeX Warning: Label `fig:unnamed-chunk-21' multiply defined.


LaTeX Warning: Label `fig:unnamed-chunk-2' multiply defined.


LaTeX Warning: Label `tab:unnamed-chunk-4' multiply defined.


LaTeX Warning: Label `tab:unnamed-chunk-5' multiply defined.


LaTeX Warning: Label `fig:unnamed-chunk-6' multiply defined.


LaTeX Warning: Label `fig:unnamed-chunk-7' multiply defined.


LaTeX Warning: Label `fig:unnamed-chunk-8' multiply defined.


LaTeX Warning: Label `fig:unnamed-chunk-9' multiply defined.


LaTeX Warning: Label `tab:unnamed-chunk-10' multiply defined.


LaTeX Warning: Label `fig:unnamed-chunk-11' multiply defined.


LaTeX Warning: Label `tab:unnamed-chunk-13' multiply defined.


LaTeX Warning: Label `fig:unnamed-chunk-14' multiply defined.


LaTeX Warning: Label `fig:unnamed-chunk-15' multiply defined.


LaTeX Warning: Label `fig:unnamed-chunk-16' multiply defined.


LaTeX Warning: Label `tab:unnamed-chunk-17' multiply defined.


LaTeX Warning: Label `fig:unnamed-chunk-18' multiply defined.


LaTeX Warning: Label `fig:unnamed-chunk-19' multiply defined.


LaTeX Warning: Label `fig:unnamed-chunk-20' multiply defined.


LaTeX Warning: Label `fig:unnamed-chunk-21' multiply defined.


LaTeX Warning: Label `fig:unnamed-chunk-2' multiply defined.


LaTeX Warning: Label `tab:unnamed-chunk-4' multiply defined.


LaTeX Warning: Label `tab:unnamed-chunk-5' multiply defined.


LaTeX Warning: Label `fig:unnamed-chunk-6' multiply defined.


LaTeX Warning: Label `fig:unnamed-chunk-7' multiply defined.


LaTeX Warning: Label `fig:unnamed-chunk-8' multiply defined.


LaTeX Warning: Label `fig:unnamed-chunk-9' multiply defined.


LaTeX Warning: Label `tab:unnamed-chunk-10' multiply defined.


LaTeX Warning: Label `fig:unnamed-chunk-11' multiply defined.


LaTeX Warning: Label `tab:unnamed-chunk-13' multiply defined.


LaTeX Warning: Label `fig:unnamed-chunk-14' multiply defined.


LaTeX Warning: Label `fig:unnamed-chunk-15' multiply defined.


LaTeX Warning: Label `fig:unnamed-chunk-16' multiply defined.


LaTeX Warning: Label `tab:unnamed-chunk-17' multiply defined.


LaTeX Warning: Label `fig:unnamed-chunk-18' multiply defined.


LaTeX Warning: Label `fig:unnamed-chunk-19' multiply defined.


LaTeX Warning: Label `fig:unnamed-chunk-20' multiply defined.


LaTeX Warning: Label `fig:unnamed-chunk-21' multiply defined.


LaTeX Warning: Label `fig:unnamed-chunk-2' multiply defined.


LaTeX Warning: Label `tab:unnamed-chunk-4' multiply defined.


LaTeX Warning: Label `tab:unnamed-chunk-5' multiply defined.


LaTeX Warning: Label `fig:unnamed-chunk-6' multiply defined.


LaTeX Warning: Label `fig:unnamed-chunk-7' multiply defined.


LaTeX Warning: Label `fig:unnamed-chunk-8' multiply defined.


LaTeX Warning: Label `fig:unnamed-chunk-9' multiply defined.


LaTeX Warning: Label `tab:unnamed-chunk-10' multiply defined.


LaTeX Warning: Label `fig:unnamed-chunk-11' multiply defined.


LaTeX Warning: Label `tab:unnamed-chunk-13' multiply defined.


LaTeX Warning: Label `fig:unnamed-chunk-14' multiply defined.


LaTeX Warning: Label `fig:unnamed-chunk-15' multiply defined.


LaTeX Warning: Label `fig:unnamed-chunk-16' multiply defined.


LaTeX Warning: Label `tab:unnamed-chunk-17' multiply defined.


LaTeX Warning: Label `fig:unnamed-chunk-18' multiply defined.


LaTeX Warning: Label `fig:unnamed-chunk-19' multiply defined.


LaTeX Warning: Label `fig:unnamed-chunk-20' multiply defined.


LaTeX Warning: Label `fig:unnamed-chunk-21' multiply defined.


LaTeX Warning: Label `fig:unnamed-chunk-2' multiply defined.


LaTeX Warning: Label `tab:unnamed-chunk-4' multiply defined.


LaTeX Warning: Label `tab:unnamed-chunk-5' multiply defined.


LaTeX Warning: Label `fig:unnamed-chunk-6' multiply defined.


LaTeX Warning: Label `fig:unnamed-chunk-7' multiply defined.


LaTeX Warning: Label `fig:unnamed-chunk-8' multiply defined.


LaTeX Warning: Label `fig:unnamed-chunk-9' multiply defined.


LaTeX Warning: Label `tab:unnamed-chunk-10' multiply defined.


LaTeX Warning: Label `fig:unnamed-chunk-11' multiply defined.


LaTeX Warning: Label `tab:unnamed-chunk-13' multiply defined.


LaTeX Warning: Label `fig:unnamed-chunk-14' multiply defined.


LaTeX Warning: Label `fig:unnamed-chunk-15' multiply defined.


LaTeX Warning: Label `fig:unnamed-chunk-16' multiply defined.


LaTeX Warning: Label `tab:unnamed-chunk-17' multiply defined.


LaTeX Warning: Label `fig:unnamed-chunk-18' multiply defined.


LaTeX Warning: Label `fig:unnamed-chunk-19' multiply defined.


LaTeX Warning: Label `fig:unnamed-chunk-20' multiply defined.


LaTeX Warning: Label `fig:unnamed-chunk-21' multiply defined.

)
\openout1 = `output.aux'.

LaTeX Font Info:    Checking defaults for OML/cmm/m/it on input line 101.
LaTeX Font Info:    ... okay on input line 101.
LaTeX Font Info:    Checking defaults for OMS/cmsy/m/n on input line 101.
LaTeX Font Info:    ... okay on input line 101.
LaTeX Font Info:    Checking defaults for OT1/cmr/m/n on input line 101.
LaTeX Font Info:    ... okay on input line 101.
LaTeX Font Info:    Checking defaults for T1/cmr/m/n on input line 101.
LaTeX Font Info:    ... okay on input line 101.
LaTeX Font Info:    Checking defaults for TS1/cmr/m/n on input line 101.
LaTeX Font Info:    ... okay on input line 101.
LaTeX Font Info:    Checking defaults for OMX/cmex/m/n on input line 101.
LaTeX Font Info:    ... okay on input line 101.
LaTeX Font Info:    Checking defaults for U/cmr/m/n on input line 101.
LaTeX Font Info:    ... okay on input line 101.
LaTeX Font Info:    Checking defaults for PD1/pdf/m/n on input line 101.
LaTeX Font Info:    ... okay on input line 101.
LaTeX Font Info:    Checking defaults for PU/pdf/m/n on input line 101.
LaTeX Font Info:    ... okay on input line 101.
LaTeX Info: Redefining \microtypecontext on input line 101.
Package microtype Info: Applying patch `item' on input line 101.
Package microtype Info: Applying patch `toc' on input line 101.
Package microtype Info: Applying patch `eqnum' on input line 101.
Package microtype Info: Applying patch `footnote' on input line 101.
Package microtype Info: Applying patch `verbatim' on input line 101.
LaTeX Info: Redefining \microtypesetup on input line 101.
Package microtype Info: Generating PDF output.
Package microtype Info: Character protrusion enabled (level 2).
Package microtype Info: Using protrusion set `basicmath'.
Package microtype Info: Automatic font expansion enabled (level 2),
(microtype)             stretch: 20, shrink: 20, step: 1, non-selected.
Package microtype Info: Using default expansion set `alltext-nott'.

LaTeX Warning: Command \showhyphens   has changed.
               Check if current package is valid.

LaTeX Info: Redefining \showhyphens on input line 101.
Package microtype Info: No adjustment of tracking.
Package microtype Info: No adjustment of interword spacing.
Package microtype Info: No adjustment of character kerning.
(c:/Users/keyserf/AppData/Roaming/TinyTeX/texmf-dist/tex/latex/microtype/mt-cmr.cfg
File: mt-cmr.cfg 2013/05/19 v2.2 microtype config. file: Computer Modern Roman (RS)
) (c:/Users/keyserf/AppData/Roaming/TinyTeX/texmf-dist/tex/latex/epstopdf-pkg/epstopdf-base.sty
Package: epstopdf-base 2020-01-24 v2.11 Base part for package epstopdf
Package epstopdf-base Info: Redefining graphics rule for `.eps' on input line 485.
(c:/Users/keyserf/AppData/Roaming/TinyTeX/texmf-dist/tex/latex/latexconfig/epstopdf-sys.cfg
File: epstopdf-sys.cfg 2010/07/13 v1.3 Configuration of (r)epstopdf for TeX Live
))
*geometry* driver: auto-detecting
*geometry* detected driver: pdftex
*geometry* verbose mode - [ preamble ] result:
* driver: pdftex
* paper: <default>
* layout: <same size as paper>
* layoutoffset:(h,v)=(0.0pt,0.0pt)
* modes: 
* h-part:(L,W,R)=(72.26999pt, 469.75502pt, 72.26999pt)
* v-part:(T,H,B)=(72.26999pt, 650.43001pt, 72.26999pt)
* \paperwidth=614.295pt
* \paperheight=794.96999pt
* \textwidth=469.75502pt
* \textheight=650.43001pt
* \oddsidemargin=0.0pt
* \evensidemargin=0.0pt
* \topmargin=-37.0pt
* \headheight=12.0pt
* \headsep=25.0pt
* \topskip=10.0pt
* \footskip=30.0pt
* \marginparwidth=65.0pt
* \marginparsep=11.0pt
* \columnsep=10.0pt
* \skip\footins=9.0pt plus 4.0pt minus 2.0pt
* \hoffset=0.0pt
* \voffset=0.0pt
* \mag=1000
* \@twocolumnfalse
* \@twosidefalse
* \@mparswitchfalse
* \@reversemarginfalse
* (1in=72.27pt=25.4mm, 1cm=28.453pt)

Package hyperref Info: Link coloring ON on input line 101.
LaTeX Font Info:    Trying to load font information for OT1+lmr on input line 103.
(c:/Users/keyserf/AppData/Roaming/TinyTeX/texmf-dist/tex/latex/lm/ot1lmr.fd
File: ot1lmr.fd 2015/05/01 v1.6.1 Font defs for Latin Modern
)
LaTeX Font Info:    Trying to load font information for OML+lmm on input line 103.
(c:/Users/keyserf/AppData/Roaming/TinyTeX/texmf-dist/tex/latex/lm/omllmm.fd
File: omllmm.fd 2015/05/01 v1.6.1 Font defs for Latin Modern
)
LaTeX Font Info:    Trying to load font information for OMS+lmsy on input line 103.
(c:/Users/keyserf/AppData/Roaming/TinyTeX/texmf-dist/tex/latex/lm/omslmsy.fd
File: omslmsy.fd 2015/05/01 v1.6.1 Font defs for Latin Modern
)
LaTeX Font Info:    Trying to load font information for OMX+lmex on input line 103.
(c:/Users/keyserf/AppData/Roaming/TinyTeX/texmf-dist/tex/latex/lm/omxlmex.fd
File: omxlmex.fd 2015/05/01 v1.6.1 Font defs for Latin Modern
)
LaTeX Font Info:    External font `lmex10' loaded for size
(Font)              <12> on input line 103.
LaTeX Font Info:    External font `lmex10' loaded for size
(Font)              <8> on input line 103.
LaTeX Font Info:    External font `lmex10' loaded for size
(Font)              <6> on input line 103.
LaTeX Font Info:    Trying to load font information for U+msa on input line 103.
(c:/Users/keyserf/AppData/Roaming/TinyTeX/texmf-dist/tex/latex/amsfonts/umsa.fd
File: umsa.fd 2013/01/14 v3.01 AMS symbols A
) (c:/Users/keyserf/AppData/Roaming/TinyTeX/texmf-dist/tex/latex/microtype/mt-msa.cfg
File: mt-msa.cfg 2006/02/04 v1.1 microtype config. file: AMS symbols (a) (RS)
)
LaTeX Font Info:    Trying to load font information for U+msb on input line 103.
(c:/Users/keyserf/AppData/Roaming/TinyTeX/texmf-dist/tex/latex/amsfonts/umsb.fd
File: umsb.fd 2013/01/14 v3.01 AMS symbols B
) (c:/Users/keyserf/AppData/Roaming/TinyTeX/texmf-dist/tex/latex/microtype/mt-msb.cfg
File: mt-msb.cfg 2005/06/01 v1.0 microtype config. file: AMS symbols (b) (RS)
) (./output.toc)
\tf@toc=\write3
\openout3 = `output.toc'.



[1

{c:/Users/keyserf/AppData/Roaming/TinyTeX/texmf-var/fonts/map/pdftex/updmap/pdftex.map}{c:/Users/keyserf/AppData/Roaming/TinyTeX/texmf-dist/fonts/enc/dvips/lm/lm-ec.enc}]

[2]
LaTeX Font Info:    Trying to load font information for TS1+lmr on input line 131.
(c:/Users/keyserf/AppData/Roaming/TinyTeX/texmf-dist/tex/latex/lm/ts1lmr.fd
File: ts1lmr.fd 2015/05/01 v1.6.1 Font defs for Latin Modern
)

[3{c:/Users/keyserf/AppData/Roaming/TinyTeX/texmf-dist/fonts/enc/dvips/lm/lm-ts1.enc}]
<../../../../temp_data/2025/Presentations/Survey_summary/test_figures/Mid/survey_strata.png, id=54, 794.97pt x 614.295pt>
File: ../../../../temp_data/2025/Presentations/Survey_summary/test_figures/Mid/survey_strata.png Graphic file (type png)
<use ../../../../temp_data/2025/Presentations/Survey_summary/test_figures/Mid/survey_strata.png>
Package pdftex.def Info: ../../../../temp_data/2025/Presentations/Survey_summary/test_figures/Mid/survey_strata.png  used on input line 177.
(pdftex.def)             Requested size: 469.76819pt x 363.00267pt.


[4 <../../../../temp_data/2025/Presentations/Survey_summary/test_figures/Mid/survey_strata.png>]
LaTeX Font Info:    External font `lmex10' loaded for size
(Font)              <10> on input line 195.
LaTeX Font Info:    External font `lmex10' loaded for size
(Font)              <7> on input line 195.
LaTeX Font Info:    External font `lmex10' loaded for size
(Font)              <5> on input line 195.


[5{c:/Users/keyserf/AppData/Roaming/TinyTeX/texmf-dist/fonts/enc/dvips/lm/lm-mathsy.enc}]
<../../../../temp_data/2025/Presentations/Survey_summary/test_figures/Mid/abundance_ts.png, id=70, 614.295pt x 794.97pt>
File: ../../../../temp_data/2025/Presentations/Survey_summary/test_figures/Mid/abundance_ts.png Graphic file (type png)
<use ../../../../temp_data/2025/Presentations/Survey_summary/test_figures/Mid/abundance_ts.png>
Package pdftex.def Info: ../../../../temp_data/2025/Presentations/Survey_summary/test_figures/Mid/abundance_ts.png  used on input line 226.
(pdftex.def)             Requested size: 422.77669pt x 547.12279pt.


[6 <../../../../temp_data/2025/Presentations/Survey_summary/test_figures/Mid/abundance_ts.png>]
<../../../../temp_data/2025/Presentations/Survey_summary/test_figures/Mid/biomass_ts.png, id=78, 614.295pt x 794.97pt>
File: ../../../../temp_data/2025/Presentations/Survey_summary/test_figures/Mid/biomass_ts.png Graphic file (type png)
<use ../../../../temp_data/2025/Presentations/Survey_summary/test_figures/Mid/biomass_ts.png>
Package pdftex.def Info: ../../../../temp_data/2025/Presentations/Survey_summary/test_figures/Mid/biomass_ts.png  used on input line 238.
(pdftex.def)             Requested size: 422.77669pt x 547.12279pt.


[7 <../../../../temp_data/2025/Presentations/Survey_summary/test_figures/Mid/biomass_ts.png>]
<../../../../temp_data/2025/Presentations/Survey_summary/test_figures/Mid/SHF.png, id=87, 614.295pt x 794.97pt>
File: ../../../../temp_data/2025/Presentations/Survey_summary/test_figures/Mid/SHF.png Graphic file (type png)
<use ../../../../temp_data/2025/Presentations/Survey_summary/test_figures/Mid/SHF.png>
Package pdftex.def Info: ../../../../temp_data/2025/Presentations/Survey_summary/test_figures/Mid/SHF.png  used on input line 254.
(pdftex.def)             Requested size: 399.29639pt x 516.73651pt.


[8 <../../../../temp_data/2025/Presentations/Survey_summary/test_figures/Mid/SHF.png>]
<../../../../temp_data/2025/Presentations/Survey_summary/test_figures/Mid/MWSH_and_CF_ts.png, id=95, 614.295pt x 939.51pt>
File: ../../../../temp_data/2025/Presentations/Survey_summary/test_figures/Mid/MWSH_and_CF_ts.png Graphic file (type png)
<use ../../../../temp_data/2025/Presentations/Survey_summary/test_figures/Mid/MWSH_and_CF_ts.png>
Package pdftex.def Info: ../../../../temp_data/2025/Presentations/Survey_summary/test_figures/Mid/MWSH_and_CF_ts.png  used on input line 270.
(pdftex.def)             Requested size: 297.689pt x 455.28908pt.


[9 <../../../../temp_data/2025/Presentations/Survey_summary/test_figures/Mid/MWSH_and_CF_ts.png>]
<../../../../temp_data/2025/Presentations/Survey_summary/test_figures/Mid/Clapper_per_ts.png, id=103, 614.295pt x 794.97pt>
File: ../../../../temp_data/2025/Presentations/Survey_summary/test_figures/Mid/Clapper_per_ts.png Graphic file (type png)
<use ../../../../temp_data/2025/Presentations/Survey_summary/test_figures/Mid/Clapper_per_ts.png>
Package pdftex.def Info: ../../../../temp_data/2025/Presentations/Survey_summary/test_figures/Mid/Clapper_per_ts.png  used on input line 301.
(pdftex.def)             Requested size: 422.77669pt x 547.12279pt.


[10]

[11 <../../../../temp_data/2025/Presentations/Survey_summary/test_figures/Mid/Clapper_per_ts.png>]

[12]
<../../../../temp_data/2025/Presentations/Survey_summary/test_figures/Mid/PR-spatial.png, id=122, 794.97pt x 614.295pt>
File: ../../../../temp_data/2025/Presentations/Survey_summary/test_figures/Mid/PR-spatial.png Graphic file (type png)
<use ../../../../temp_data/2025/Presentations/Survey_summary/test_figures/Mid/PR-spatial.png>
Package pdftex.def Info: ../../../../temp_data/2025/Presentations/Survey_summary/test_figures/Mid/PR-spatial.png  used on input line 338.
(pdftex.def)             Requested size: 469.76819pt x 363.00267pt.


[13 <../../../../temp_data/2025/Presentations/Survey_summary/test_figures/Mid/PR-spatial.png>]
<../../../../temp_data/2025/Presentations/Survey_summary/test_figures/Mid/Rec-spatial.png, id=131, 794.97pt x 614.295pt>
File: ../../../../temp_data/2025/Presentations/Survey_summary/test_figures/Mid/Rec-spatial.png Graphic file (type png)
<use ../../../../temp_data/2025/Presentations/Survey_summary/test_figures/Mid/Rec-spatial.png>
Package pdftex.def Info: ../../../../temp_data/2025/Presentations/Survey_summary/test_figures/Mid/Rec-spatial.png  used on input line 350.
(pdftex.def)             Requested size: 469.76819pt x 363.00267pt.


[14 <../../../../temp_data/2025/Presentations/Survey_summary/test_figures/Mid/Rec-spatial.png>]
<../../../../temp_data/2025/Presentations/Survey_summary/test_figures/Mid/FR-spatial.png, id=139, 794.97pt x 614.295pt>
File: ../../../../temp_data/2025/Presentations/Survey_summary/test_figures/Mid/FR-spatial.png Graphic file (type png)
<use ../../../../temp_data/2025/Presentations/Survey_summary/test_figures/Mid/FR-spatial.png>
Package pdftex.def Info: ../../../../temp_data/2025/Presentations/Survey_summary/test_figures/Mid/FR-spatial.png  used on input line 362.
(pdftex.def)             Requested size: 469.76819pt x 363.00267pt.


[15 <../../../../temp_data/2025/Presentations/Survey_summary/test_figures/Mid/FR-spatial.png>]
<../../../../temp_data/2025/Presentations/Survey_summary/test_figures/Mid/CF-spatial.png, id=147, 794.97pt x 614.295pt>
File: ../../../../temp_data/2025/Presentations/Survey_summary/test_figures/Mid/CF-spatial.png Graphic file (type png)
<use ../../../../temp_data/2025/Presentations/Survey_summary/test_figures/Mid/CF-spatial.png>
Package pdftex.def Info: ../../../../temp_data/2025/Presentations/Survey_summary/test_figures/Mid/CF-spatial.png  used on input line 392.
(pdftex.def)             Requested size: 469.76819pt x 363.00267pt.


[16 <../../../../temp_data/2025/Presentations/Survey_summary/test_figures/Mid/CF-spatial.png>]
<../../../../temp_data/2025/Presentations/Survey_summary/test_figures/Mid/MC-spatial.png, id=156, 794.97pt x 614.295pt>
File: ../../../../temp_data/2025/Presentations/Survey_summary/test_figures/Mid/MC-spatial.png Graphic file (type png)
<use ../../../../temp_data/2025/Presentations/Survey_summary/test_figures/Mid/MC-spatial.png>
Package pdftex.def Info: ../../../../temp_data/2025/Presentations/Survey_summary/test_figures/Mid/MC-spatial.png  used on input line 404.
(pdftex.def)             Requested size: 469.76819pt x 363.00267pt.


[17 <../../../../temp_data/2025/Presentations/Survey_summary/test_figures/Mid/MC-spatial.png>]
<../../../../temp_data/2025/Presentations/Survey_summary/test_figures/Mid/Clap-spatial.png, id=165, 794.97pt x 614.295pt>
File: ../../../../temp_data/2025/Presentations/Survey_summary/test_figures/Mid/Clap-spatial.png Graphic file (type png)
<use ../../../../temp_data/2025/Presentations/Survey_summary/test_figures/Mid/Clap-spatial.png>
Package pdftex.def Info: ../../../../temp_data/2025/Presentations/Survey_summary/test_figures/Mid/Clap-spatial.png  used on input line 420.
(pdftex.def)             Requested size: 469.76819pt x 363.00267pt.


[18 <../../../../temp_data/2025/Presentations/Survey_summary/test_figures/Mid/Clap-spatial.png>]
<../../../../temp_data/2025/Presentations/Survey_summary/test_figures/Mid/breakdown-2025.png, id=173, 614.295pt x 794.97pt>
File: ../../../../temp_data/2025/Presentations/Survey_summary/test_figures/Mid/breakdown-2025.png Graphic file (type png)
<use ../../../../temp_data/2025/Presentations/Survey_summary/test_figures/Mid/breakdown-2025.png>
Package pdftex.def Info: ../../../../temp_data/2025/Presentations/Survey_summary/test_figures/Mid/breakdown-2025.png  used on input line 436.
(pdftex.def)             Requested size: 352.31703pt x 455.9397pt.


[19 <../../../../temp_data/2025/Presentations/Survey_summary/test_figures/Mid/breakdown-2025.png>]

[20]
<../../../../temp_data/2025/Presentations/Survey_summary/test_figures/Sab/survey_strata.png, id=201, 794.97pt x 614.295pt>
File: ../../../../temp_data/2025/Presentations/Survey_summary/test_figures/Sab/survey_strata.png Graphic file (type png)
<use ../../../../temp_data/2025/Presentations/Survey_summary/test_figures/Sab/survey_strata.png>
Package pdftex.def Info: ../../../../temp_data/2025/Presentations/Survey_summary/test_figures/Sab/survey_strata.png  used on input line 499.
(pdftex.def)             Requested size: 469.76819pt x 363.00267pt.


[21 <../../../../temp_data/2025/Presentations/Survey_summary/test_figures/Sab/survey_strata.png>]

[22]
<../../../../temp_data/2025/Presentations/Survey_summary/test_figures/Sab/abundance_ts.png, id=216, 614.295pt x 794.97pt>
File: ../../../../temp_data/2025/Presentations/Survey_summary/test_figures/Sab/abundance_ts.png Graphic file (type png)
<use ../../../../temp_data/2025/Presentations/Survey_summary/test_figures/Sab/abundance_ts.png>
Package pdftex.def Info: ../../../../temp_data/2025/Presentations/Survey_summary/test_figures/Sab/abundance_ts.png  used on input line 548.
(pdftex.def)             Requested size: 422.77669pt x 547.12279pt.


[23 <../../../../temp_data/2025/Presentations/Survey_summary/test_figures/Sab/abundance_ts.png>]
<../../../../temp_data/2025/Presentations/Survey_summary/test_figures/Sab/biomass_ts.png, id=224, 614.295pt x 794.97pt>
File: ../../../../temp_data/2025/Presentations/Survey_summary/test_figures/Sab/biomass_ts.png Graphic file (type png)
<use ../../../../temp_data/2025/Presentations/Survey_summary/test_figures/Sab/biomass_ts.png>
Package pdftex.def Info: ../../../../temp_data/2025/Presentations/Survey_summary/test_figures/Sab/biomass_ts.png  used on input line 560.
(pdftex.def)             Requested size: 422.77669pt x 547.12279pt.


[24 <../../../../temp_data/2025/Presentations/Survey_summary/test_figures/Sab/biomass_ts.png>]
<../../../../temp_data/2025/Presentations/Survey_summary/test_figures/Sab/SHF.png, id=232, 614.295pt x 794.97pt>
File: ../../../../temp_data/2025/Presentations/Survey_summary/test_figures/Sab/SHF.png Graphic file (type png)
<use ../../../../temp_data/2025/Presentations/Survey_summary/test_figures/Sab/SHF.png>
Package pdftex.def Info: ../../../../temp_data/2025/Presentations/Survey_summary/test_figures/Sab/SHF.png  used on input line 576.
(pdftex.def)             Requested size: 399.29639pt x 516.73651pt.


[25 <../../../../temp_data/2025/Presentations/Survey_summary/test_figures/Sab/SHF.png>]
<../../../../temp_data/2025/Presentations/Survey_summary/test_figures/Sab/MWSH_and_CF_ts.png, id=241, 614.295pt x 939.51pt>
File: ../../../../temp_data/2025/Presentations/Survey_summary/test_figures/Sab/MWSH_and_CF_ts.png Graphic file (type png)
<use ../../../../temp_data/2025/Presentations/Survey_summary/test_figures/Sab/MWSH_and_CF_ts.png>
Package pdftex.def Info: ../../../../temp_data/2025/Presentations/Survey_summary/test_figures/Sab/MWSH_and_CF_ts.png  used on input line 592.
(pdftex.def)             Requested size: 297.689pt x 455.28908pt.


[26 <../../../../temp_data/2025/Presentations/Survey_summary/test_figures/Sab/MWSH_and_CF_ts.png>]
<../../../../temp_data/2025/Presentations/Survey_summary/test_figures/Sab/Clapper_per_ts.png, id=249, 614.295pt x 794.97pt>
File: ../../../../temp_data/2025/Presentations/Survey_summary/test_figures/Sab/Clapper_per_ts.png Graphic file (type png)
<use ../../../../temp_data/2025/Presentations/Survey_summary/test_figures/Sab/Clapper_per_ts.png>
Package pdftex.def Info: ../../../../temp_data/2025/Presentations/Survey_summary/test_figures/Sab/Clapper_per_ts.png  used on input line 623.
(pdftex.def)             Requested size: 422.77669pt x 547.12279pt.


[27]

[28 <../../../../temp_data/2025/Presentations/Survey_summary/test_figures/Sab/Clapper_per_ts.png>]

[29]
<../../../../temp_data/2025/Presentations/Survey_summary/test_figures/Sab/PR-spatial.png, id=267, 794.97pt x 614.295pt>
File: ../../../../temp_data/2025/Presentations/Survey_summary/test_figures/Sab/PR-spatial.png Graphic file (type png)
<use ../../../../temp_data/2025/Presentations/Survey_summary/test_figures/Sab/PR-spatial.png>
Package pdftex.def Info: ../../../../temp_data/2025/Presentations/Survey_summary/test_figures/Sab/PR-spatial.png  used on input line 660.
(pdftex.def)             Requested size: 469.76819pt x 363.00267pt.


[30 <../../../../temp_data/2025/Presentations/Survey_summary/test_figures/Sab/PR-spatial.png>]
<../../../../temp_data/2025/Presentations/Survey_summary/test_figures/Sab/Rec-spatial.png, id=275, 794.97pt x 614.295pt>
File: ../../../../temp_data/2025/Presentations/Survey_summary/test_figures/Sab/Rec-spatial.png Graphic file (type png)
<use ../../../../temp_data/2025/Presentations/Survey_summary/test_figures/Sab/Rec-spatial.png>
Package pdftex.def Info: ../../../../temp_data/2025/Presentations/Survey_summary/test_figures/Sab/Rec-spatial.png  used on input line 672.
(pdftex.def)             Requested size: 469.76819pt x 363.00267pt.


[31 <../../../../temp_data/2025/Presentations/Survey_summary/test_figures/Sab/Rec-spatial.png>]
<../../../../temp_data/2025/Presentations/Survey_summary/test_figures/Sab/FR-spatial.png, id=284, 794.97pt x 614.295pt>
File: ../../../../temp_data/2025/Presentations/Survey_summary/test_figures/Sab/FR-spatial.png Graphic file (type png)
<use ../../../../temp_data/2025/Presentations/Survey_summary/test_figures/Sab/FR-spatial.png>
Package pdftex.def Info: ../../../../temp_data/2025/Presentations/Survey_summary/test_figures/Sab/FR-spatial.png  used on input line 684.
(pdftex.def)             Requested size: 469.76819pt x 363.00267pt.


[32 <../../../../temp_data/2025/Presentations/Survey_summary/test_figures/Sab/FR-spatial.png>]
<../../../../temp_data/2025/Presentations/Survey_summary/test_figures/Sab/CF-spatial.png, id=292, 794.97pt x 614.295pt>
File: ../../../../temp_data/2025/Presentations/Survey_summary/test_figures/Sab/CF-spatial.png Graphic file (type png)
<use ../../../../temp_data/2025/Presentations/Survey_summary/test_figures/Sab/CF-spatial.png>
Package pdftex.def Info: ../../../../temp_data/2025/Presentations/Survey_summary/test_figures/Sab/CF-spatial.png  used on input line 714.
(pdftex.def)             Requested size: 469.76819pt x 363.00267pt.


[33 <../../../../temp_data/2025/Presentations/Survey_summary/test_figures/Sab/CF-spatial.png>]
<../../../../temp_data/2025/Presentations/Survey_summary/test_figures/Sab/MC-spatial.png, id=301, 794.97pt x 614.295pt>
File: ../../../../temp_data/2025/Presentations/Survey_summary/test_figures/Sab/MC-spatial.png Graphic file (type png)
<use ../../../../temp_data/2025/Presentations/Survey_summary/test_figures/Sab/MC-spatial.png>
Package pdftex.def Info: ../../../../temp_data/2025/Presentations/Survey_summary/test_figures/Sab/MC-spatial.png  used on input line 726.
(pdftex.def)             Requested size: 469.76819pt x 363.00267pt.


[34 <../../../../temp_data/2025/Presentations/Survey_summary/test_figures/Sab/MC-spatial.png>]
<../../../../temp_data/2025/Presentations/Survey_summary/test_figures/Sab/Clap-spatial.png, id=310, 794.97pt x 614.295pt>
File: ../../../../temp_data/2025/Presentations/Survey_summary/test_figures/Sab/Clap-spatial.png Graphic file (type png)
<use ../../../../temp_data/2025/Presentations/Survey_summary/test_figures/Sab/Clap-spatial.png>
Package pdftex.def Info: ../../../../temp_data/2025/Presentations/Survey_summary/test_figures/Sab/Clap-spatial.png  used on input line 742.
(pdftex.def)             Requested size: 469.76819pt x 363.00267pt.


[35 <../../../../temp_data/2025/Presentations/Survey_summary/test_figures/Sab/Clap-spatial.png>]
<../../../../temp_data/2025/Presentations/Survey_summary/test_figures/Sab/breakdown-2025.png, id=318, 614.295pt x 794.97pt>
File: ../../../../temp_data/2025/Presentations/Survey_summary/test_figures/Sab/breakdown-2025.png Graphic file (type png)
<use ../../../../temp_data/2025/Presentations/Survey_summary/test_figures/Sab/breakdown-2025.png>
Package pdftex.def Info: ../../../../temp_data/2025/Presentations/Survey_summary/test_figures/Sab/breakdown-2025.png  used on input line 758.
(pdftex.def)             Requested size: 352.31703pt x 455.9397pt.


[36 <../../../../temp_data/2025/Presentations/Survey_summary/test_figures/Sab/breakdown-2025.png>]

[37]
<../../../../temp_data/2025/Presentations/Survey_summary/test_figures/Ger/survey_strata.png, id=346, 794.97pt x 614.295pt>
File: ../../../../temp_data/2025/Presentations/Survey_summary/test_figures/Ger/survey_strata.png Graphic file (type png)
<use ../../../../temp_data/2025/Presentations/Survey_summary/test_figures/Ger/survey_strata.png>
Package pdftex.def Info: ../../../../temp_data/2025/Presentations/Survey_summary/test_figures/Ger/survey_strata.png  used on input line 821.
(pdftex.def)             Requested size: 469.76819pt x 363.00267pt.


[38 <../../../../temp_data/2025/Presentations/Survey_summary/test_figures/Ger/survey_strata.png>]

[39]
<../../../../temp_data/2025/Presentations/Survey_summary/test_figures/Ger/abundance_ts.png, id=361, 614.295pt x 794.97pt>
File: ../../../../temp_data/2025/Presentations/Survey_summary/test_figures/Ger/abundance_ts.png Graphic file (type png)
<use ../../../../temp_data/2025/Presentations/Survey_summary/test_figures/Ger/abundance_ts.png>
Package pdftex.def Info: ../../../../temp_data/2025/Presentations/Survey_summary/test_figures/Ger/abundance_ts.png  used on input line 870.
(pdftex.def)             Requested size: 422.77669pt x 547.12279pt.


[40 <../../../../temp_data/2025/Presentations/Survey_summary/test_figures/Ger/abundance_ts.png>]
<../../../../temp_data/2025/Presentations/Survey_summary/test_figures/Ger/biomass_ts.png, id=369, 614.295pt x 794.97pt>
File: ../../../../temp_data/2025/Presentations/Survey_summary/test_figures/Ger/biomass_ts.png Graphic file (type png)
<use ../../../../temp_data/2025/Presentations/Survey_summary/test_figures/Ger/biomass_ts.png>
Package pdftex.def Info: ../../../../temp_data/2025/Presentations/Survey_summary/test_figures/Ger/biomass_ts.png  used on input line 882.
(pdftex.def)             Requested size: 422.77669pt x 547.12279pt.


[41 <../../../../temp_data/2025/Presentations/Survey_summary/test_figures/Ger/biomass_ts.png>]
<../../../../temp_data/2025/Presentations/Survey_summary/test_figures/Ger/SHF.png, id=377, 614.295pt x 794.97pt>
File: ../../../../temp_data/2025/Presentations/Survey_summary/test_figures/Ger/SHF.png Graphic file (type png)
<use ../../../../temp_data/2025/Presentations/Survey_summary/test_figures/Ger/SHF.png>
Package pdftex.def Info: ../../../../temp_data/2025/Presentations/Survey_summary/test_figures/Ger/SHF.png  used on input line 898.
(pdftex.def)             Requested size: 399.29639pt x 516.73651pt.


[42 <../../../../temp_data/2025/Presentations/Survey_summary/test_figures/Ger/SHF.png>]
<../../../../temp_data/2025/Presentations/Survey_summary/test_figures/Ger/MWSH_and_CF_ts.png, id=385, 614.295pt x 939.51pt>
File: ../../../../temp_data/2025/Presentations/Survey_summary/test_figures/Ger/MWSH_and_CF_ts.png Graphic file (type png)
<use ../../../../temp_data/2025/Presentations/Survey_summary/test_figures/Ger/MWSH_and_CF_ts.png>
Package pdftex.def Info: ../../../../temp_data/2025/Presentations/Survey_summary/test_figures/Ger/MWSH_and_CF_ts.png  used on input line 914.
(pdftex.def)             Requested size: 297.689pt x 455.28908pt.


[43 <../../../../temp_data/2025/Presentations/Survey_summary/test_figures/Ger/MWSH_and_CF_ts.png>]
<../../../../temp_data/2025/Presentations/Survey_summary/test_figures/Ger/Clapper_per_ts.png, id=394, 614.295pt x 794.97pt>
File: ../../../../temp_data/2025/Presentations/Survey_summary/test_figures/Ger/Clapper_per_ts.png Graphic file (type png)
<use ../../../../temp_data/2025/Presentations/Survey_summary/test_figures/Ger/Clapper_per_ts.png>
Package pdftex.def Info: ../../../../temp_data/2025/Presentations/Survey_summary/test_figures/Ger/Clapper_per_ts.png  used on input line 945.
(pdftex.def)             Requested size: 422.77669pt x 547.12279pt.


[44]

[45 <../../../../temp_data/2025/Presentations/Survey_summary/test_figures/Ger/Clapper_per_ts.png>]

[46]
<../../../../temp_data/2025/Presentations/Survey_summary/test_figures/Ger/PR-spatial.png, id=412, 794.97pt x 614.295pt>
File: ../../../../temp_data/2025/Presentations/Survey_summary/test_figures/Ger/PR-spatial.png Graphic file (type png)
<use ../../../../temp_data/2025/Presentations/Survey_summary/test_figures/Ger/PR-spatial.png>
Package pdftex.def Info: ../../../../temp_data/2025/Presentations/Survey_summary/test_figures/Ger/PR-spatial.png  used on input line 982.
(pdftex.def)             Requested size: 469.76819pt x 363.00267pt.


[47 <../../../../temp_data/2025/Presentations/Survey_summary/test_figures/Ger/PR-spatial.png>]
<../../../../temp_data/2025/Presentations/Survey_summary/test_figures/Ger/Rec-spatial.png, id=420, 794.97pt x 614.295pt>
File: ../../../../temp_data/2025/Presentations/Survey_summary/test_figures/Ger/Rec-spatial.png Graphic file (type png)
<use ../../../../temp_data/2025/Presentations/Survey_summary/test_figures/Ger/Rec-spatial.png>
Package pdftex.def Info: ../../../../temp_data/2025/Presentations/Survey_summary/test_figures/Ger/Rec-spatial.png  used on input line 994.
(pdftex.def)             Requested size: 469.76819pt x 363.00267pt.


[48 <../../../../temp_data/2025/Presentations/Survey_summary/test_figures/Ger/Rec-spatial.png>]
<../../../../temp_data/2025/Presentations/Survey_summary/test_figures/Ger/FR-spatial.png, id=428, 794.97pt x 614.295pt>
File: ../../../../temp_data/2025/Presentations/Survey_summary/test_figures/Ger/FR-spatial.png Graphic file (type png)
<use ../../../../temp_data/2025/Presentations/Survey_summary/test_figures/Ger/FR-spatial.png>
Package pdftex.def Info: ../../../../temp_data/2025/Presentations/Survey_summary/test_figures/Ger/FR-spatial.png  used on input line 1006.
(pdftex.def)             Requested size: 469.76819pt x 363.00267pt.


[49 <../../../../temp_data/2025/Presentations/Survey_summary/test_figures/Ger/FR-spatial.png>]
<../../../../temp_data/2025/Presentations/Survey_summary/test_figures/Ger/CF-spatial.png, id=437, 794.97pt x 614.295pt>
File: ../../../../temp_data/2025/Presentations/Survey_summary/test_figures/Ger/CF-spatial.png Graphic file (type png)
<use ../../../../temp_data/2025/Presentations/Survey_summary/test_figures/Ger/CF-spatial.png>
Package pdftex.def Info: ../../../../temp_data/2025/Presentations/Survey_summary/test_figures/Ger/CF-spatial.png  used on input line 1036.
(pdftex.def)             Requested size: 469.76819pt x 363.00267pt.


[50 <../../../../temp_data/2025/Presentations/Survey_summary/test_figures/Ger/CF-spatial.png>]
<../../../../temp_data/2025/Presentations/Survey_summary/test_figures/Ger/MC-spatial.png, id=446, 794.97pt x 614.295pt>
File: ../../../../temp_data/2025/Presentations/Survey_summary/test_figures/Ger/MC-spatial.png Graphic file (type png)
<use ../../../../temp_data/2025/Presentations/Survey_summary/test_figures/Ger/MC-spatial.png>
Package pdftex.def Info: ../../../../temp_data/2025/Presentations/Survey_summary/test_figures/Ger/MC-spatial.png  used on input line 1048.
(pdftex.def)             Requested size: 469.76819pt x 363.00267pt.


[51 <../../../../temp_data/2025/Presentations/Survey_summary/test_figures/Ger/MC-spatial.png>]
<../../../../temp_data/2025/Presentations/Survey_summary/test_figures/Ger/Clap-spatial.png, id=455, 794.97pt x 614.295pt>
File: ../../../../temp_data/2025/Presentations/Survey_summary/test_figures/Ger/Clap-spatial.png Graphic file (type png)
<use ../../../../temp_data/2025/Presentations/Survey_summary/test_figures/Ger/Clap-spatial.png>
Package pdftex.def Info: ../../../../temp_data/2025/Presentations/Survey_summary/test_figures/Ger/Clap-spatial.png  used on input line 1064.
(pdftex.def)             Requested size: 469.76819pt x 363.00267pt.


[52 <../../../../temp_data/2025/Presentations/Survey_summary/test_figures/Ger/Clap-spatial.png>]
<../../../../temp_data/2025/Presentations/Survey_summary/test_figures/Ger/breakdown-2025.png, id=463, 614.295pt x 794.97pt>
File: ../../../../temp_data/2025/Presentations/Survey_summary/test_figures/Ger/breakdown-2025.png Graphic file (type png)
<use ../../../../temp_data/2025/Presentations/Survey_summary/test_figures/Ger/breakdown-2025.png>
Package pdftex.def Info: ../../../../temp_data/2025/Presentations/Survey_summary/test_figures/Ger/breakdown-2025.png  used on input line 1080.
(pdftex.def)             Requested size: 352.31703pt x 455.9397pt.


[53 <../../../../temp_data/2025/Presentations/Survey_summary/test_figures/Ger/breakdown-2025.png>]

[54]
<../../../../temp_data/2025/Presentations/Survey_summary/test_figures/BBs/survey_strata.png, id=490, 794.97pt x 614.295pt>
File: ../../../../temp_data/2025/Presentations/Survey_summary/test_figures/BBs/survey_strata.png Graphic file (type png)
<use ../../../../temp_data/2025/Presentations/Survey_summary/test_figures/BBs/survey_strata.png>
Package pdftex.def Info: ../../../../temp_data/2025/Presentations/Survey_summary/test_figures/BBs/survey_strata.png  used on input line 1143.
(pdftex.def)             Requested size: 469.76819pt x 363.00267pt.


[55 <../../../../temp_data/2025/Presentations/Survey_summary/test_figures/BBs/survey_strata.png>]

[56]
<../../../../temp_data/2025/Presentations/Survey_summary/test_figures/BBs/abundance_ts.png, id=506, 614.295pt x 794.97pt>
File: ../../../../temp_data/2025/Presentations/Survey_summary/test_figures/BBs/abundance_ts.png Graphic file (type png)
<use ../../../../temp_data/2025/Presentations/Survey_summary/test_figures/BBs/abundance_ts.png>
Package pdftex.def Info: ../../../../temp_data/2025/Presentations/Survey_summary/test_figures/BBs/abundance_ts.png  used on input line 1192.
(pdftex.def)             Requested size: 422.77669pt x 547.12279pt.


[57 <../../../../temp_data/2025/Presentations/Survey_summary/test_figures/BBs/abundance_ts.png>]
<../../../../temp_data/2025/Presentations/Survey_summary/test_figures/BBs/biomass_ts.png, id=514, 614.295pt x 794.97pt>
File: ../../../../temp_data/2025/Presentations/Survey_summary/test_figures/BBs/biomass_ts.png Graphic file (type png)
<use ../../../../temp_data/2025/Presentations/Survey_summary/test_figures/BBs/biomass_ts.png>
Package pdftex.def Info: ../../../../temp_data/2025/Presentations/Survey_summary/test_figures/BBs/biomass_ts.png  used on input line 1204.
(pdftex.def)             Requested size: 422.77669pt x 547.12279pt.


[58 <../../../../temp_data/2025/Presentations/Survey_summary/test_figures/BBs/biomass_ts.png>]
<../../../../temp_data/2025/Presentations/Survey_summary/test_figures/BBs/SHF.png, id=522, 614.295pt x 794.97pt>
File: ../../../../temp_data/2025/Presentations/Survey_summary/test_figures/BBs/SHF.png Graphic file (type png)
<use ../../../../temp_data/2025/Presentations/Survey_summary/test_figures/BBs/SHF.png>
Package pdftex.def Info: ../../../../temp_data/2025/Presentations/Survey_summary/test_figures/BBs/SHF.png  used on input line 1220.
(pdftex.def)             Requested size: 399.29639pt x 516.73651pt.


[59 <../../../../temp_data/2025/Presentations/Survey_summary/test_figures/BBs/SHF.png>]
<../../../../temp_data/2025/Presentations/Survey_summary/test_figures/BBs/MWSH_and_CF_ts.png, id=530, 614.295pt x 939.51pt>
File: ../../../../temp_data/2025/Presentations/Survey_summary/test_figures/BBs/MWSH_and_CF_ts.png Graphic file (type png)
<use ../../../../temp_data/2025/Presentations/Survey_summary/test_figures/BBs/MWSH_and_CF_ts.png>
Package pdftex.def Info: ../../../../temp_data/2025/Presentations/Survey_summary/test_figures/BBs/MWSH_and_CF_ts.png  used on input line 1236.
(pdftex.def)             Requested size: 297.689pt x 455.28908pt.


[60 <../../../../temp_data/2025/Presentations/Survey_summary/test_figures/BBs/MWSH_and_CF_ts.png>]
<../../../../temp_data/2025/Presentations/Survey_summary/test_figures/BBs/Clapper_per_ts.png, id=538, 614.295pt x 794.97pt>
File: ../../../../temp_data/2025/Presentations/Survey_summary/test_figures/BBs/Clapper_per_ts.png Graphic file (type png)
<use ../../../../temp_data/2025/Presentations/Survey_summary/test_figures/BBs/Clapper_per_ts.png>
Package pdftex.def Info: ../../../../temp_data/2025/Presentations/Survey_summary/test_figures/BBs/Clapper_per_ts.png  used on input line 1267.
(pdftex.def)             Requested size: 422.77669pt x 547.12279pt.


[61]

[62 <../../../../temp_data/2025/Presentations/Survey_summary/test_figures/BBs/Clapper_per_ts.png>]

[63]
<../../../../temp_data/2025/Presentations/Survey_summary/test_figures/BBs/PR-spatial.png, id=557, 794.97pt x 614.295pt>
File: ../../../../temp_data/2025/Presentations/Survey_summary/test_figures/BBs/PR-spatial.png Graphic file (type png)
<use ../../../../temp_data/2025/Presentations/Survey_summary/test_figures/BBs/PR-spatial.png>
Package pdftex.def Info: ../../../../temp_data/2025/Presentations/Survey_summary/test_figures/BBs/PR-spatial.png  used on input line 1304.
(pdftex.def)             Requested size: 469.76819pt x 363.00267pt.


[64 <../../../../temp_data/2025/Presentations/Survey_summary/test_figures/BBs/PR-spatial.png>]
<../../../../temp_data/2025/Presentations/Survey_summary/test_figures/BBs/Rec-spatial.png, id=565, 794.97pt x 614.295pt>
File: ../../../../temp_data/2025/Presentations/Survey_summary/test_figures/BBs/Rec-spatial.png Graphic file (type png)
<use ../../../../temp_data/2025/Presentations/Survey_summary/test_figures/BBs/Rec-spatial.png>
Package pdftex.def Info: ../../../../temp_data/2025/Presentations/Survey_summary/test_figures/BBs/Rec-spatial.png  used on input line 1316.
(pdftex.def)             Requested size: 469.76819pt x 363.00267pt.


[65 <../../../../temp_data/2025/Presentations/Survey_summary/test_figures/BBs/Rec-spatial.png>]
<../../../../temp_data/2025/Presentations/Survey_summary/test_figures/BBs/FR-spatial.png, id=573, 794.97pt x 614.295pt>
File: ../../../../temp_data/2025/Presentations/Survey_summary/test_figures/BBs/FR-spatial.png Graphic file (type png)
<use ../../../../temp_data/2025/Presentations/Survey_summary/test_figures/BBs/FR-spatial.png>
Package pdftex.def Info: ../../../../temp_data/2025/Presentations/Survey_summary/test_figures/BBs/FR-spatial.png  used on input line 1328.
(pdftex.def)             Requested size: 469.76819pt x 363.00267pt.


[66 <../../../../temp_data/2025/Presentations/Survey_summary/test_figures/BBs/FR-spatial.png>]
<../../../../temp_data/2025/Presentations/Survey_summary/test_figures/BBs/CF-spatial.png, id=581, 794.97pt x 614.295pt>
File: ../../../../temp_data/2025/Presentations/Survey_summary/test_figures/BBs/CF-spatial.png Graphic file (type png)
<use ../../../../temp_data/2025/Presentations/Survey_summary/test_figures/BBs/CF-spatial.png>
Package pdftex.def Info: ../../../../temp_data/2025/Presentations/Survey_summary/test_figures/BBs/CF-spatial.png  used on input line 1358.
(pdftex.def)             Requested size: 469.76819pt x 363.00267pt.


[67 <../../../../temp_data/2025/Presentations/Survey_summary/test_figures/BBs/CF-spatial.png>]
<../../../../temp_data/2025/Presentations/Survey_summary/test_figures/BBs/MC-spatial.png, id=591, 794.97pt x 614.295pt>
File: ../../../../temp_data/2025/Presentations/Survey_summary/test_figures/BBs/MC-spatial.png Graphic file (type png)
<use ../../../../temp_data/2025/Presentations/Survey_summary/test_figures/BBs/MC-spatial.png>
Package pdftex.def Info: ../../../../temp_data/2025/Presentations/Survey_summary/test_figures/BBs/MC-spatial.png  used on input line 1370.
(pdftex.def)             Requested size: 469.76819pt x 363.00267pt.


[68 <../../../../temp_data/2025/Presentations/Survey_summary/test_figures/BBs/MC-spatial.png>]
<../../../../temp_data/2025/Presentations/Survey_summary/test_figures/BBs/Clap-spatial.png, id=600, 794.97pt x 614.295pt>
File: ../../../../temp_data/2025/Presentations/Survey_summary/test_figures/BBs/Clap-spatial.png Graphic file (type png)
<use ../../../../temp_data/2025/Presentations/Survey_summary/test_figures/BBs/Clap-spatial.png>
Package pdftex.def Info: ../../../../temp_data/2025/Presentations/Survey_summary/test_figures/BBs/Clap-spatial.png  used on input line 1386.
(pdftex.def)             Requested size: 469.76819pt x 363.00267pt.


[69 <../../../../temp_data/2025/Presentations/Survey_summary/test_figures/BBs/Clap-spatial.png>]
<../../../../temp_data/2025/Presentations/Survey_summary/test_figures/BBs/breakdown-2025.png, id=608, 614.295pt x 794.97pt>
File: ../../../../temp_data/2025/Presentations/Survey_summary/test_figures/BBs/breakdown-2025.png Graphic file (type png)
<use ../../../../temp_data/2025/Presentations/Survey_summary/test_figures/BBs/breakdown-2025.png>
Package pdftex.def Info: ../../../../temp_data/2025/Presentations/Survey_summary/test_figures/BBs/breakdown-2025.png  used on input line 1402.
(pdftex.def)             Requested size: 352.31703pt x 455.9397pt.


[70 <../../../../temp_data/2025/Presentations/Survey_summary/test_figures/BBs/breakdown-2025.png>]

[71]
<../../../../temp_data/2025/Presentations/Survey_summary/test_figures/BBn/survey_strata.png, id=635, 794.97pt x 614.295pt>
File: ../../../../temp_data/2025/Presentations/Survey_summary/test_figures/BBn/survey_strata.png Graphic file (type png)
<use ../../../../temp_data/2025/Presentations/Survey_summary/test_figures/BBn/survey_strata.png>
Package pdftex.def Info: ../../../../temp_data/2025/Presentations/Survey_summary/test_figures/BBn/survey_strata.png  used on input line 1465.
(pdftex.def)             Requested size: 469.76819pt x 363.00267pt.


[72 <../../../../temp_data/2025/Presentations/Survey_summary/test_figures/BBn/survey_strata.png>]

[73]
<../../../../temp_data/2025/Presentations/Survey_summary/test_figures/BBn/abundance_ts.png, id=651, 614.295pt x 794.97pt>
File: ../../../../temp_data/2025/Presentations/Survey_summary/test_figures/BBn/abundance_ts.png Graphic file (type png)
<use ../../../../temp_data/2025/Presentations/Survey_summary/test_figures/BBn/abundance_ts.png>
Package pdftex.def Info: ../../../../temp_data/2025/Presentations/Survey_summary/test_figures/BBn/abundance_ts.png  used on input line 1514.
(pdftex.def)             Requested size: 422.77669pt x 547.12279pt.


[74 <../../../../temp_data/2025/Presentations/Survey_summary/test_figures/BBn/abundance_ts.png>]
<../../../../temp_data/2025/Presentations/Survey_summary/test_figures/BBn/biomass_ts.png, id=659, 614.295pt x 794.97pt>
File: ../../../../temp_data/2025/Presentations/Survey_summary/test_figures/BBn/biomass_ts.png Graphic file (type png)
<use ../../../../temp_data/2025/Presentations/Survey_summary/test_figures/BBn/biomass_ts.png>
Package pdftex.def Info: ../../../../temp_data/2025/Presentations/Survey_summary/test_figures/BBn/biomass_ts.png  used on input line 1526.
(pdftex.def)             Requested size: 422.77669pt x 547.12279pt.


[75 <../../../../temp_data/2025/Presentations/Survey_summary/test_figures/BBn/biomass_ts.png>]
<../../../../temp_data/2025/Presentations/Survey_summary/test_figures/BBn/SHF.png, id=667, 614.295pt x 794.97pt>
File: ../../../../temp_data/2025/Presentations/Survey_summary/test_figures/BBn/SHF.png Graphic file (type png)
<use ../../../../temp_data/2025/Presentations/Survey_summary/test_figures/BBn/SHF.png>
Package pdftex.def Info: ../../../../temp_data/2025/Presentations/Survey_summary/test_figures/BBn/SHF.png  used on input line 1542.
(pdftex.def)             Requested size: 399.29639pt x 516.73651pt.


[76 <../../../../temp_data/2025/Presentations/Survey_summary/test_figures/BBn/SHF.png>]
<../../../../temp_data/2025/Presentations/Survey_summary/test_figures/BBn/MWSH_and_CF_ts.png, id=675, 614.295pt x 939.51pt>
File: ../../../../temp_data/2025/Presentations/Survey_summary/test_figures/BBn/MWSH_and_CF_ts.png Graphic file (type png)
<use ../../../../temp_data/2025/Presentations/Survey_summary/test_figures/BBn/MWSH_and_CF_ts.png>
Package pdftex.def Info: ../../../../temp_data/2025/Presentations/Survey_summary/test_figures/BBn/MWSH_and_CF_ts.png  used on input line 1558.
(pdftex.def)             Requested size: 297.689pt x 455.28908pt.


[77 <../../../../temp_data/2025/Presentations/Survey_summary/test_figures/BBn/MWSH_and_CF_ts.png>]
<../../../../temp_data/2025/Presentations/Survey_summary/test_figures/BBn/Clapper_per_ts.png, id=683, 614.295pt x 794.97pt>
File: ../../../../temp_data/2025/Presentations/Survey_summary/test_figures/BBn/Clapper_per_ts.png Graphic file (type png)
<use ../../../../temp_data/2025/Presentations/Survey_summary/test_figures/BBn/Clapper_per_ts.png>
Package pdftex.def Info: ../../../../temp_data/2025/Presentations/Survey_summary/test_figures/BBn/Clapper_per_ts.png  used on input line 1589.
(pdftex.def)             Requested size: 422.77669pt x 547.12279pt.


[78]

[79 <../../../../temp_data/2025/Presentations/Survey_summary/test_figures/BBn/Clapper_per_ts.png>]

[80]
<../../../../temp_data/2025/Presentations/Survey_summary/test_figures/BBn/PR-spatial.png, id=702, 794.97pt x 614.295pt>
File: ../../../../temp_data/2025/Presentations/Survey_summary/test_figures/BBn/PR-spatial.png Graphic file (type png)
<use ../../../../temp_data/2025/Presentations/Survey_summary/test_figures/BBn/PR-spatial.png>
Package pdftex.def Info: ../../../../temp_data/2025/Presentations/Survey_summary/test_figures/BBn/PR-spatial.png  used on input line 1626.
(pdftex.def)             Requested size: 469.76819pt x 363.00267pt.


[81 <../../../../temp_data/2025/Presentations/Survey_summary/test_figures/BBn/PR-spatial.png>]
<../../../../temp_data/2025/Presentations/Survey_summary/test_figures/BBn/Rec-spatial.png, id=710, 794.97pt x 614.295pt>
File: ../../../../temp_data/2025/Presentations/Survey_summary/test_figures/BBn/Rec-spatial.png Graphic file (type png)
<use ../../../../temp_data/2025/Presentations/Survey_summary/test_figures/BBn/Rec-spatial.png>
Package pdftex.def Info: ../../../../temp_data/2025/Presentations/Survey_summary/test_figures/BBn/Rec-spatial.png  used on input line 1638.
(pdftex.def)             Requested size: 469.76819pt x 363.00267pt.


[82 <../../../../temp_data/2025/Presentations/Survey_summary/test_figures/BBn/Rec-spatial.png>]
<../../../../temp_data/2025/Presentations/Survey_summary/test_figures/BBn/FR-spatial.png, id=718, 794.97pt x 614.295pt>
File: ../../../../temp_data/2025/Presentations/Survey_summary/test_figures/BBn/FR-spatial.png Graphic file (type png)
<use ../../../../temp_data/2025/Presentations/Survey_summary/test_figures/BBn/FR-spatial.png>
Package pdftex.def Info: ../../../../temp_data/2025/Presentations/Survey_summary/test_figures/BBn/FR-spatial.png  used on input line 1650.
(pdftex.def)             Requested size: 469.76819pt x 363.00267pt.


[83 <../../../../temp_data/2025/Presentations/Survey_summary/test_figures/BBn/FR-spatial.png>]
<../../../../temp_data/2025/Presentations/Survey_summary/test_figures/BBn/CF-spatial.png, id=726, 794.97pt x 614.295pt>
File: ../../../../temp_data/2025/Presentations/Survey_summary/test_figures/BBn/CF-spatial.png Graphic file (type png)
<use ../../../../temp_data/2025/Presentations/Survey_summary/test_figures/BBn/CF-spatial.png>
Package pdftex.def Info: ../../../../temp_data/2025/Presentations/Survey_summary/test_figures/BBn/CF-spatial.png  used on input line 1680.
(pdftex.def)             Requested size: 469.76819pt x 363.00267pt.


[84 <../../../../temp_data/2025/Presentations/Survey_summary/test_figures/BBn/CF-spatial.png>]
<../../../../temp_data/2025/Presentations/Survey_summary/test_figures/BBn/MC-spatial.png, id=735, 794.97pt x 614.295pt>
File: ../../../../temp_data/2025/Presentations/Survey_summary/test_figures/BBn/MC-spatial.png Graphic file (type png)
<use ../../../../temp_data/2025/Presentations/Survey_summary/test_figures/BBn/MC-spatial.png>
Package pdftex.def Info: ../../../../temp_data/2025/Presentations/Survey_summary/test_figures/BBn/MC-spatial.png  used on input line 1692.
(pdftex.def)             Requested size: 469.76819pt x 363.00267pt.


[85 <../../../../temp_data/2025/Presentations/Survey_summary/test_figures/BBn/MC-spatial.png>]
<../../../../temp_data/2025/Presentations/Survey_summary/test_figures/BBn/Clap-spatial.png, id=745, 794.97pt x 614.295pt>
File: ../../../../temp_data/2025/Presentations/Survey_summary/test_figures/BBn/Clap-spatial.png Graphic file (type png)
<use ../../../../temp_data/2025/Presentations/Survey_summary/test_figures/BBn/Clap-spatial.png>
Package pdftex.def Info: ../../../../temp_data/2025/Presentations/Survey_summary/test_figures/BBn/Clap-spatial.png  used on input line 1708.
(pdftex.def)             Requested size: 469.76819pt x 363.00267pt.


[86 <../../../../temp_data/2025/Presentations/Survey_summary/test_figures/BBn/Clap-spatial.png>]
<../../../../temp_data/2025/Presentations/Survey_summary/test_figures/BBn/breakdown-2025.png, id=753, 614.295pt x 794.97pt>
File: ../../../../temp_data/2025/Presentations/Survey_summary/test_figures/BBn/breakdown-2025.png Graphic file (type png)
<use ../../../../temp_data/2025/Presentations/Survey_summary/test_figures/BBn/breakdown-2025.png>
Package pdftex.def Info: ../../../../temp_data/2025/Presentations/Survey_summary/test_figures/BBn/breakdown-2025.png  used on input line 1724.
(pdftex.def)             Requested size: 352.31703pt x 455.9397pt.


[87 <../../../../temp_data/2025/Presentations/Survey_summary/test_figures/BBn/breakdown-2025.png>]

[88]
<../../../../temp_data/2025/Presentations/Survey_summary/test_figures/GB/survey_strata.png, id=780, 794.97pt x 614.295pt>
File: ../../../../temp_data/2025/Presentations/Survey_summary/test_figures/GB/survey_strata.png Graphic file (type png)
<use ../../../../temp_data/2025/Presentations/Survey_summary/test_figures/GB/survey_strata.png>
Package pdftex.def Info: ../../../../temp_data/2025/Presentations/Survey_summary/test_figures/GB/survey_strata.png  used on input line 1787.
(pdftex.def)             Requested size: 469.76819pt x 363.00267pt.


[89 <../../../../temp_data/2025/Presentations/Survey_summary/test_figures/GB/survey_strata.png>]

[90]
<../../../../temp_data/2025/Presentations/Survey_summary/test_figures/GB/abundance_ts.png, id=795, 614.295pt x 794.97pt>
File: ../../../../temp_data/2025/Presentations/Survey_summary/test_figures/GB/abundance_ts.png Graphic file (type png)
<use ../../../../temp_data/2025/Presentations/Survey_summary/test_figures/GB/abundance_ts.png>
Package pdftex.def Info: ../../../../temp_data/2025/Presentations/Survey_summary/test_figures/GB/abundance_ts.png  used on input line 1836.
(pdftex.def)             Requested size: 422.77669pt x 547.12279pt.


[91 <../../../../temp_data/2025/Presentations/Survey_summary/test_figures/GB/abundance_ts.png>]
<../../../../temp_data/2025/Presentations/Survey_summary/test_figures/GB/biomass_ts.png, id=804, 614.295pt x 794.97pt>
File: ../../../../temp_data/2025/Presentations/Survey_summary/test_figures/GB/biomass_ts.png Graphic file (type png)
<use ../../../../temp_data/2025/Presentations/Survey_summary/test_figures/GB/biomass_ts.png>
Package pdftex.def Info: ../../../../temp_data/2025/Presentations/Survey_summary/test_figures/GB/biomass_ts.png  used on input line 1848.
(pdftex.def)             Requested size: 422.77669pt x 547.12279pt.


[92 <../../../../temp_data/2025/Presentations/Survey_summary/test_figures/GB/biomass_ts.png>]
<../../../../temp_data/2025/Presentations/Survey_summary/test_figures/GB/SHF.png, id=812, 614.295pt x 794.97pt>
File: ../../../../temp_data/2025/Presentations/Survey_summary/test_figures/GB/SHF.png Graphic file (type png)
<use ../../../../temp_data/2025/Presentations/Survey_summary/test_figures/GB/SHF.png>
Package pdftex.def Info: ../../../../temp_data/2025/Presentations/Survey_summary/test_figures/GB/SHF.png  used on input line 1864.
(pdftex.def)             Requested size: 399.29639pt x 516.73651pt.


[93 <../../../../temp_data/2025/Presentations/Survey_summary/test_figures/GB/SHF.png>]
<../../../../temp_data/2025/Presentations/Survey_summary/test_figures/GB/MWSH_and_CF_ts.png, id=820, 614.295pt x 939.51pt>
File: ../../../../temp_data/2025/Presentations/Survey_summary/test_figures/GB/MWSH_and_CF_ts.png Graphic file (type png)
<use ../../../../temp_data/2025/Presentations/Survey_summary/test_figures/GB/MWSH_and_CF_ts.png>
Package pdftex.def Info: ../../../../temp_data/2025/Presentations/Survey_summary/test_figures/GB/MWSH_and_CF_ts.png  used on input line 1880.
(pdftex.def)             Requested size: 297.689pt x 455.28908pt.


[94 <../../../../temp_data/2025/Presentations/Survey_summary/test_figures/GB/MWSH_and_CF_ts.png>]
<../../../../temp_data/2025/Presentations/Survey_summary/test_figures/GB/Clapper_per_ts.png, id=828, 614.295pt x 794.97pt>
File: ../../../../temp_data/2025/Presentations/Survey_summary/test_figures/GB/Clapper_per_ts.png Graphic file (type png)
<use ../../../../temp_data/2025/Presentations/Survey_summary/test_figures/GB/Clapper_per_ts.png>
Package pdftex.def Info: ../../../../temp_data/2025/Presentations/Survey_summary/test_figures/GB/Clapper_per_ts.png  used on input line 1911.
(pdftex.def)             Requested size: 422.77669pt x 547.12279pt.


[95]

[96 <../../../../temp_data/2025/Presentations/Survey_summary/test_figures/GB/Clapper_per_ts.png>]

[97]
<../../../../temp_data/2025/Presentations/Survey_summary/test_figures/GB/PR-spatial.png, id=847, 794.97pt x 614.295pt>
File: ../../../../temp_data/2025/Presentations/Survey_summary/test_figures/GB/PR-spatial.png Graphic file (type png)
<use ../../../../temp_data/2025/Presentations/Survey_summary/test_figures/GB/PR-spatial.png>
Package pdftex.def Info: ../../../../temp_data/2025/Presentations/Survey_summary/test_figures/GB/PR-spatial.png  used on input line 1948.
(pdftex.def)             Requested size: 469.76819pt x 363.00267pt.


[98 <../../../../temp_data/2025/Presentations/Survey_summary/test_figures/GB/PR-spatial.png>]
<../../../../temp_data/2025/Presentations/Survey_summary/test_figures/GB/Rec-spatial.png, id=855, 794.97pt x 614.295pt>
File: ../../../../temp_data/2025/Presentations/Survey_summary/test_figures/GB/Rec-spatial.png Graphic file (type png)
<use ../../../../temp_data/2025/Presentations/Survey_summary/test_figures/GB/Rec-spatial.png>
Package pdftex.def Info: ../../../../temp_data/2025/Presentations/Survey_summary/test_figures/GB/Rec-spatial.png  used on input line 1960.
(pdftex.def)             Requested size: 469.76819pt x 363.00267pt.


[99 <../../../../temp_data/2025/Presentations/Survey_summary/test_figures/GB/Rec-spatial.png>]
<../../../../temp_data/2025/Presentations/Survey_summary/test_figures/GB/FR-spatial.png, id=863, 794.97pt x 614.295pt>
File: ../../../../temp_data/2025/Presentations/Survey_summary/test_figures/GB/FR-spatial.png Graphic file (type png)
<use ../../../../temp_data/2025/Presentations/Survey_summary/test_figures/GB/FR-spatial.png>
Package pdftex.def Info: ../../../../temp_data/2025/Presentations/Survey_summary/test_figures/GB/FR-spatial.png  used on input line 1972.
(pdftex.def)             Requested size: 469.76819pt x 363.00267pt.


[100 <../../../../temp_data/2025/Presentations/Survey_summary/test_figures/GB/FR-spatial.png>]
<../../../../temp_data/2025/Presentations/Survey_summary/test_figures/GB/CF-spatial.png, id=871, 794.97pt x 614.295pt>
File: ../../../../temp_data/2025/Presentations/Survey_summary/test_figures/GB/CF-spatial.png Graphic file (type png)
<use ../../../../temp_data/2025/Presentations/Survey_summary/test_figures/GB/CF-spatial.png>
Package pdftex.def Info: ../../../../temp_data/2025/Presentations/Survey_summary/test_figures/GB/CF-spatial.png  used on input line 2002.
(pdftex.def)             Requested size: 469.76819pt x 363.00267pt.


[101 <../../../../temp_data/2025/Presentations/Survey_summary/test_figures/GB/CF-spatial.png>]
<../../../../temp_data/2025/Presentations/Survey_summary/test_figures/GB/MC-spatial.png, id=880, 794.97pt x 614.295pt>
File: ../../../../temp_data/2025/Presentations/Survey_summary/test_figures/GB/MC-spatial.png Graphic file (type png)
<use ../../../../temp_data/2025/Presentations/Survey_summary/test_figures/GB/MC-spatial.png>
Package pdftex.def Info: ../../../../temp_data/2025/Presentations/Survey_summary/test_figures/GB/MC-spatial.png  used on input line 2014.
(pdftex.def)             Requested size: 469.76819pt x 363.00267pt.


[102 <../../../../temp_data/2025/Presentations/Survey_summary/test_figures/GB/MC-spatial.png>]
<../../../../temp_data/2025/Presentations/Survey_summary/test_figures/GB/Clap-spatial.png, id=888, 794.97pt x 614.295pt>
File: ../../../../temp_data/2025/Presentations/Survey_summary/test_figures/GB/Clap-spatial.png Graphic file (type png)
<use ../../../../temp_data/2025/Presentations/Survey_summary/test_figures/GB/Clap-spatial.png>
Package pdftex.def Info: ../../../../temp_data/2025/Presentations/Survey_summary/test_figures/GB/Clap-spatial.png  used on input line 2030.
(pdftex.def)             Requested size: 469.76819pt x 363.00267pt.


[103 <../../../../temp_data/2025/Presentations/Survey_summary/test_figures/GB/Clap-spatial.png>]
<../../../../temp_data/2025/Presentations/Survey_summary/test_figures/GB/breakdown-2025.png, id=898, 614.295pt x 794.97pt>
File: ../../../../temp_data/2025/Presentations/Survey_summary/test_figures/GB/breakdown-2025.png Graphic file (type png)
<use ../../../../temp_data/2025/Presentations/Survey_summary/test_figures/GB/breakdown-2025.png>
Package pdftex.def Info: ../../../../temp_data/2025/Presentations/Survey_summary/test_figures/GB/breakdown-2025.png  used on input line 2046.
(pdftex.def)             Requested size: 352.31703pt x 455.9397pt.


[104 <../../../../temp_data/2025/Presentations/Survey_summary/test_figures/GB/breakdown-2025.png>] (./output.aux)
 ***********
LaTeX2e <2025-06-01> patch level 1
L3 programming layer <2025-06-09>
 ***********

LaTeX Warning: There were multiply-defined labels.

 ) 
Here is how much of TeX's memory you used:
 15595 strings out of 469826
 313141 string characters out of 5481227
 703915 words of memory out of 5000000
 43292 multiletter control sequences out of 15000+600000
 686222 words of font info for 148 fonts, out of 8000000 for 9000
 36 hyphenation exceptions out of 8191
 83i,11n,93p,1003b,461s stack positions out of 10000i,1000n,20000p,200000b,200000s
<c:/Users/keyserf/AppData/Roaming/TinyTeX/texmf-dist/fonts/type1/public/lm/lmbx10.pfb><c:/Users/keyserf/AppData/Roaming/TinyTeX/texmf-dist/fonts/type1/public/lm/lmbx12.pfb><c:/Users/keyserf/AppData/Roaming/TinyTeX/texmf-dist/fonts/type1/public/lm/lmr10.pfb><c:/Users/keyserf/AppData/Roaming/TinyTeX/texmf-dist/fonts/type1/public/lm/lmr12.pfb><c:/Users/keyserf/AppData/Roaming/TinyTeX/texmf-dist/fonts/type1/public/lm/lmr17.pfb><c:/Users/keyserf/AppData/Roaming/TinyTeX/texmf-dist/fonts/type1/public/lm/lmri10.pfb><c:/Users/keyserf/AppData/Roaming/TinyTeX/texmf-dist/fonts/type1/public/lm/lmro10.pfb><c:/Users/keyserf/AppData/Roaming/TinyTeX/texmf-dist/fonts/type1/public/lm/lmsy10.pfb>
Output written on output.pdf (104 pages, 23805633 bytes).
PDF statistics:
 1028 PDF objects out of 1200 (max. 8388607)
 741 compressed objects within 8 object streams
 263 named destinations out of 1000 (max. 500000)
 33215 words of extra memory for PDF output out of 35830 (max. 10000000)

